Parameters:
	 year : 2018
	 region : PACE
	 iterations : 1000
	 rm generators iterations : 100
	 target lolh : 2.4
	 shift load : 0
	 debug : True
	 output folder : 2018_PACE_.elcc/
	 demand file : ../demand/PACE.csv
	 eia folder : ../eia8602018/
	 solar cf file : ../wecc_powGen/2018_solar_ac_generation.nc
	 wind cf file : ../wecc_powGen/2018_wind_ac_generation.nc
	 setting : none
	 conventional efor : 0.05
	 RE efor : 1.0
	 derate conventional : False
	 oldest year : 0
	 type : solar
	 nameplate : 100
	 lat : 41
	 lon : -112
	 efor : 0
found 217 conventional generators
found 59 renewable generators
0 of 1 blocks complete
LOLH already greater than target. Under reliable system.
0 of 11 blocks complete
1 of 11 blocks complete
2 of 11 blocks complete
3 of 11 blocks complete
4 of 11 blocks complete
5 of 11 blocks complete
6 of 11 blocks complete
7 of 11 blocks complete
8 of 11 blocks complete
9 of 11 blocks complete
10 of 11 blocks complete
0 of 1 blocks complete
0 of 1 blocks complete
2.36
[5, 5, 5, 5, 5, 5, 5, 5, 6, 6, 6, 6, 6, 6, 6, 6, 6, 6, 6, 6, 6, 6, 6, 6, 6, 6, 6, 6, 6, 6, 6, 6, 6, 6, 6, 6, 6, 6, 6, 6, 6, 6, 6, 6, 6, 6, 6, 6, 6, 6, 6, 6, 6, 6, 6, 6, 6, 6, 6, 6, 6, 6, 6, 6, 6, 6, 6, 6, 6, 6, 6, 6, 6, 6, 6, 6, 6, 6, 6, 6, 6, 6, 6, 6, 6, 6, 6, 6, 6, 6, 7, 7, 7, 7, 7, 7, 7, 7, 7, 7, 7, 7, 7, 7, 7, 7, 7, 7, 7, 7, 7, 7, 7]
[16, 16, 17, 16, 18, 17, 15, 18, 18, 15, 17, 19, 13, 14, 15, 16, 17, 19, 17, 18, 13, 16, 17, 18, 13, 14, 15, 16, 17, 20, 11, 13, 14, 15, 16, 17, 18, 19, 20, 12, 13, 15, 16, 17, 18, 16, 17, 19, 20, 13, 14, 15, 17, 18, 19, 20, 15, 17, 18, 15, 18, 19, 14, 15, 16, 17, 18, 14, 15, 17, 18, 19, 13, 14, 15, 16, 17, 20, 17, 18, 18, 16, 18, 19, 15, 17, 18, 15, 18, 17, 19, 17, 16, 17, 14, 16, 17, 18, 18, 16, 16, 17, 14, 15, 16, 19, 14, 15, 18, 12, 19, 15, 18]
[3935, 3959, 3960, 4247, 4249, 4272, 4294, 4297, 4393, 4462, 4464, 4466, 4484, 4485, 4486, 4487, 4488, 4490, 4512, 4513, 4532, 4535, 4536, 4537, 4556, 4557, 4558, 4559, 4560, 4563, 4578, 4580, 4581, 4582, 4583, 4584, 4585, 4586, 4587, 4603, 4604, 4606, 4607, 4608, 4609, 4631, 4632, 4634, 4635, 4652, 4653, 4654, 4656, 4657, 4658, 4659, 4678, 4704, 4705, 4726, 4729, 4730, 4749, 4750, 4751, 4752, 4753, 4773, 4774, 4776, 4777, 4778, 4796, 4797, 4798, 4799, 4800, 4803, 4848, 4897, 4921, 4943, 4945, 4946, 4966, 4968, 4969, 4990, 4993, 5016, 5042, 5064, 5087, 5088, 5109, 5111, 5112, 5113, 5233, 5255, 5303, 5304, 5325, 5326, 5327, 5330, 5397, 5398, 5401, 5419, 5474, 5494, 5497]
[0.01, 0.02, 0.01, 0.01, 0.04, 0.01, 0.01, 0.02, 0.01, 0.02, 0.01, 0.03, 0.01, 0.04, 0.03, 0.03, 0.01, 0.01, 0.01, 0.01, 0.01, 0.02, 0.01, 0.01, 0.01, 0.07, 0.02, 0.06, 0.07, 0.01, 0.01, 0.04, 0.06, 0.11, 0.13, 0.08, 0.07, 0.04, 0.01, 0.01, 0.02, 0.01, 0.01, 0.01, 0.01, 0.05, 0.05, 0.01, 0.02, 0.01, 0.01, 0.01, 0.04, 0.01, 0.03, 0.01, 0.01, 0.01, 0.02, 0.01, 0.01, 0.01, 0.01, 0.02, 0.05, 0.02, 0.01, 0.03, 0.02, 0.03, 0.02, 0.01, 0.01, 0.02, 0.01, 0.01, 0.01, 0.01, 0.06, 0.01, 0.01, 0.04, 0.01, 0.01, 0.01, 0.01, 0.01, 0.01, 0.01, 0.01, 0.01, 0.01, 0.02, 0.01, 0.02, 0.04, 0.01, 0.01, 0.01, 0.01, 0.01, 0.01, 0.01, 0.01, 0.02, 0.01, 0.01, 0.01, 0.01, 0.01, 0.01, 0.01, 0.01]
Oldest operating year: No generators removed
Number of active generators: 218
Supplemental capacity: 6.0
Capacity removed: -6
Conventional fleet average capacity: 10003.0
lolh achieved: 2.36
0 of 111 blocks complete
1 of 111 blocks complete
2 of 111 blocks complete
3 of 111 blocks complete
4 of 111 blocks complete
5 of 111 blocks complete
6 of 111 blocks complete
7 of 111 blocks complete
8 of 111 blocks complete
9 of 111 blocks complete
10 of 111 blocks complete
11 of 111 blocks complete
12 of 111 blocks complete
13 of 111 blocks complete
14 of 111 blocks complete
15 of 111 blocks complete
16 of 111 blocks complete
17 of 111 blocks complete
18 of 111 blocks complete
19 of 111 blocks complete
20 of 111 blocks complete
21 of 111 blocks complete
22 of 111 blocks complete
23 of 111 blocks complete
24 of 111 blocks complete
25 of 111 blocks complete
26 of 111 blocks complete
27 of 111 blocks complete
28 of 111 blocks complete
29 of 111 blocks complete
30 of 111 blocks complete
31 of 111 blocks complete
32 of 111 blocks complete
33 of 111 blocks complete
34 of 111 blocks complete
35 of 111 blocks complete
36 of 111 blocks complete
37 of 111 blocks complete
38 of 111 blocks complete
39 of 111 blocks complete
40 of 111 blocks complete
41 of 111 blocks complete
42 of 111 blocks complete
43 of 111 blocks complete
44 of 111 blocks complete
45 of 111 blocks complete
46 of 111 blocks complete
47 of 111 blocks complete
48 of 111 blocks complete
49 of 111 blocks complete
50 of 111 blocks complete
51 of 111 blocks complete
52 of 111 blocks complete
53 of 111 blocks complete
54 of 111 blocks complete
55 of 111 blocks complete
56 of 111 blocks complete
57 of 111 blocks complete
58 of 111 blocks complete
59 of 111 blocks complete
60 of 111 blocks complete
61 of 111 blocks complete
62 of 111 blocks complete
63 of 111 blocks complete
64 of 111 blocks complete
65 of 111 blocks complete
66 of 111 blocks complete
67 of 111 blocks complete
68 of 111 blocks complete
69 of 111 blocks complete
70 of 111 blocks complete
71 of 111 blocks complete
72 of 111 blocks complete
73 of 111 blocks complete
74 of 111 blocks complete
75 of 111 blocks complete
76 of 111 blocks complete
77 of 111 blocks complete
78 of 111 blocks complete
79 of 111 blocks complete
80 of 111 blocks complete
81 of 111 blocks complete
82 of 111 blocks complete
83 of 111 blocks complete
84 of 111 blocks complete
85 of 111 blocks complete
86 of 111 blocks complete
87 of 111 blocks complete
88 of 111 blocks complete
89 of 111 blocks complete
90 of 111 blocks complete
91 of 111 blocks complete
92 of 111 blocks complete
93 of 111 blocks complete
94 of 111 blocks complete
95 of 111 blocks complete
96 of 111 blocks complete
97 of 111 blocks complete
98 of 111 blocks complete
99 of 111 blocks complete
100 of 111 blocks complete
101 of 111 blocks complete
102 of 111 blocks complete
103 of 111 blocks complete
104 of 111 blocks complete
105 of 111 blocks complete
106 of 111 blocks complete
107 of 111 blocks complete
108 of 111 blocks complete
109 of 111 blocks complete
110 of 111 blocks complete
0 of 15 blocks complete
1 of 15 blocks complete
2 of 15 blocks complete
3 of 15 blocks complete
4 of 15 blocks complete
5 of 15 blocks complete
6 of 15 blocks complete
7 of 15 blocks complete
8 of 15 blocks complete
9 of 15 blocks complete
10 of 15 blocks complete
11 of 15 blocks complete
12 of 15 blocks complete
13 of 15 blocks complete
14 of 15 blocks complete
0 of 14 blocks complete
1 of 14 blocks complete
2 of 14 blocks complete
3 of 14 blocks complete
4 of 14 blocks complete
5 of 14 blocks complete
6 of 14 blocks complete
7 of 14 blocks complete
8 of 14 blocks complete
9 of 14 blocks complete
10 of 14 blocks complete
11 of 14 blocks complete
12 of 14 blocks complete
13 of 14 blocks complete
getting ELCC!
Target lolh: 2.298
2.271
[23, 2, 23, 1, 22, 23, 0, 2, 21, 22, 23, 0, 1, 2, 1, 0, 1, 22, 23, 0, 1, 2, 3, 4, 21, 22, 23, 0, 1, 2, 20, 21, 22, 23, 0, 1, 22, 23, 0, 21, 1, 2, 20, 21, 22, 23, 0, 1, 2, 3, 5, 17, 18, 19, 20, 21, 22, 23, 0, 1, 2, 20, 23, 0, 1, 2, 3, 4, 20, 21, 22, 23, 0, 1, 17, 18, 19, 20, 21, 22, 23, 0, 1, 2, 3, 4, 5, 15, 17, 18, 19, 20, 21, 22, 23, 0, 1, 2, 3, 4, 19, 20, 21, 22, 23, 0, 1, 2, 3, 4, 18, 19, 20, 21, 22, 23, 0, 1, 2, 3, 19, 20, 21, 22, 23, 0, 1, 2, 3, 4, 21, 22, 23, 0, 1, 2, 5, 18, 19, 21, 22, 23, 1, 2, 3, 18, 20, 21, 22, 23, 0, 1, 2, 3, 20, 21, 22, 23, 0, 1, 2, 3, 19, 20, 21, 22, 23, 0, 1, 2, 21, 22, 23, 0, 1, 2, 3, 20, 21, 23, 0, 1, 2, 20, 21, 22, 0, 22, 23, 0, 1, 2, 18, 23, 0, 2, 22, 23, 0, 1, 20, 22, 23, 0, 1, 22, 23, 0, 1, 23, 0, 1, 2, 20, 22, 23, 0, 1, 2, 4, 19, 20, 21, 22, 23, 0, 1, 2, 20, 21, 22, 22, 23, 0, 21, 22, 23, 0, 1, 20, 21, 22, 23, 0, 1, 3, 23, 0, 1, 23, 20, 21, 22, 23, 0, 19, 23, 1, 22, 23, 0, 1, 20, 23, 0, 1, 19, 22, 23, 0, 23, 1, 1, 1, 1, 23, 23]
[0.001, 0.001, 0.001, 0.001, 0.001, 0.003, 0.009, 0.002, 0.002, 0.003, 0.005, 0.004, 0.007, 0.002, 0.001, 0.001, 0.002, 0.003, 0.002, 0.012, 0.017, 0.005, 0.001, 0.001, 0.001, 0.003, 0.006, 0.017, 0.01, 0.011, 0.001, 0.001, 0.001, 0.005, 0.008, 0.003, 0.001, 0.001, 0.002, 0.001, 0.001, 0.001, 0.001, 0.002, 0.008, 0.013, 0.015, 0.012, 0.007, 0.003, 0.001, 0.002, 0.002, 0.004, 0.009, 0.016, 0.042, 0.035, 0.022, 0.015, 0.008, 0.003, 0.003, 0.011, 0.005, 0.007, 0.014, 0.001, 0.002, 0.002, 0.002, 0.008, 0.008, 0.008, 0.001, 0.003, 0.015, 0.025, 0.045, 0.019, 0.072, 0.063, 0.01, 0.004, 0.003, 0.001, 0.001, 0.001, 0.001, 0.001, 0.007, 0.014, 0.046, 0.088, 0.1, 0.105, 0.113, 0.032, 0.006, 0.004, 0.005, 0.02, 0.019, 0.017, 0.004, 0.004, 0.003, 0.002, 0.001, 0.001, 0.001, 0.002, 0.002, 0.009, 0.018, 0.033, 0.024, 0.015, 0.01, 0.002, 0.003, 0.004, 0.01, 0.012, 0.019, 0.023, 0.029, 0.02, 0.004, 0.005, 0.002, 0.006, 0.003, 0.01, 0.008, 0.004, 0.001, 0.001, 0.001, 0.004, 0.009, 0.014, 0.004, 0.009, 0.001, 0.001, 0.007, 0.012, 0.036, 0.023, 0.015, 0.008, 0.003, 0.001, 0.004, 0.001, 0.014, 0.024, 0.03, 0.028, 0.015, 0.001, 0.001, 0.003, 0.013, 0.005, 0.018, 0.016, 0.006, 0.002, 0.002, 0.001, 0.001, 0.001, 0.004, 0.004, 0.002, 0.001, 0.001, 0.003, 0.046, 0.003, 0.001, 0.001, 0.002, 0.003, 0.004, 0.002, 0.001, 0.007, 0.012, 0.003, 0.001, 0.008, 0.002, 0.001, 0.004, 0.005, 0.003, 0.001, 0.001, 0.004, 0.004, 0.003, 0.019, 0.002, 0.003, 0.002, 0.001, 0.002, 0.001, 0.001, 0.001, 0.001, 0.001, 0.004, 0.007, 0.001, 0.008, 0.002, 0.002, 0.008, 0.002, 0.005, 0.008, 0.012, 0.005, 0.001, 0.002, 0.003, 0.001, 0.001, 0.003, 0.002, 0.001, 0.006, 0.006, 0.003, 0.003, 0.002, 0.002, 0.003, 0.007, 0.001, 0.002, 0.001, 0.001, 0.001, 0.001, 0.001, 0.002, 0.006, 0.002, 0.004, 0.001, 0.005, 0.003, 0.002, 0.001, 0.001, 0.004, 0.001, 0.001, 0.002, 0.001, 0.002, 0.001, 0.002, 0.002, 0.01, 0.001, 0.001, 0.001, 0.001, 0.001, 0.001, 0.001]
2.38
[23, 2, 23, 1, 22, 23, 0, 2, 21, 22, 23, 0, 1, 2, 1, 0, 1, 22, 23, 0, 1, 2, 3, 4, 21, 22, 23, 0, 1, 2, 20, 21, 22, 23, 0, 1, 22, 23, 0, 21, 1, 2, 20, 21, 22, 23, 0, 1, 2, 3, 5, 17, 18, 19, 20, 21, 22, 23, 0, 1, 2, 3, 20, 23, 0, 1, 2, 3, 4, 20, 21, 22, 23, 0, 1, 17, 18, 19, 20, 21, 22, 23, 0, 1, 2, 3, 4, 5, 15, 17, 18, 19, 20, 21, 22, 23, 0, 1, 2, 3, 4, 19, 20, 21, 22, 23, 0, 1, 2, 3, 4, 18, 19, 20, 21, 22, 23, 0, 1, 2, 3, 19, 20, 21, 22, 23, 0, 1, 2, 3, 4, 21, 22, 23, 0, 1, 2, 5, 18, 19, 21, 22, 23, 0, 1, 2, 3, 18, 20, 21, 22, 23, 0, 1, 2, 3, 20, 21, 22, 23, 0, 1, 2, 3, 4, 19, 20, 21, 22, 23, 0, 1, 2, 21, 22, 23, 0, 1, 2, 3, 20, 21, 23, 0, 1, 2, 20, 21, 22, 0, 22, 23, 0, 1, 2, 18, 23, 0, 2, 22, 23, 0, 1, 20, 22, 23, 0, 1, 22, 23, 0, 1, 23, 0, 1, 2, 20, 22, 23, 0, 1, 2, 4, 19, 20, 21, 22, 23, 0, 1, 2, 23, 20, 21, 0, 22, 22, 23, 0, 21, 22, 23, 0, 1, 20, 21, 22, 23, 0, 1, 3, 21, 23, 0, 1, 23, 20, 21, 22, 23, 0, 19, 22, 23, 1, 22, 23, 0, 1, 20, 23, 0, 1, 19, 22, 23, 0, 23, 1, 0, 1, 1, 1, 23, 23]
[0.001, 0.001, 0.001, 0.001, 0.001, 0.003, 0.009, 0.002, 0.002, 0.003, 0.005, 0.004, 0.007, 0.003, 0.001, 0.001, 0.002, 0.003, 0.003, 0.012, 0.017, 0.005, 0.002, 0.001, 0.001, 0.004, 0.007, 0.019, 0.011, 0.011, 0.001, 0.002, 0.001, 0.005, 0.009, 0.003, 0.001, 0.001, 0.003, 0.001, 0.001, 0.001, 0.001, 0.002, 0.008, 0.013, 0.015, 0.012, 0.008, 0.003, 0.001, 0.002, 0.002, 0.004, 0.01, 0.016, 0.044, 0.038, 0.022, 0.016, 0.008, 0.001, 0.003, 0.004, 0.012, 0.006, 0.007, 0.016, 0.001, 0.002, 0.002, 0.002, 0.008, 0.009, 0.008, 0.001, 0.003, 0.016, 0.026, 0.047, 0.019, 0.075, 0.064, 0.01, 0.004, 0.003, 0.001, 0.001, 0.001, 0.001, 0.001, 0.008, 0.015, 0.048, 0.092, 0.103, 0.107, 0.118, 0.034, 0.008, 0.004, 0.005, 0.021, 0.019, 0.018, 0.004, 0.004, 0.003, 0.002, 0.001, 0.001, 0.001, 0.002, 0.002, 0.009, 0.019, 0.035, 0.026, 0.016, 0.011, 0.003, 0.003, 0.004, 0.01, 0.013, 0.019, 0.025, 0.033, 0.02, 0.004, 0.005, 0.002, 0.007, 0.004, 0.011, 0.008, 0.004, 0.001, 0.001, 0.001, 0.004, 0.009, 0.015, 0.001, 0.004, 0.01, 0.001, 0.001, 0.008, 0.012, 0.037, 0.024, 0.015, 0.008, 0.003, 0.001, 0.004, 0.001, 0.014, 0.024, 0.033, 0.03, 0.016, 0.001, 0.001, 0.001, 0.003, 0.014, 0.005, 0.019, 0.016, 0.007, 0.002, 0.002, 0.001, 0.001, 0.001, 0.004, 0.004, 0.002, 0.001, 0.001, 0.003, 0.047, 0.003, 0.001, 0.001, 0.002, 0.003, 0.004, 0.003, 0.001, 0.007, 0.014, 0.003, 0.001, 0.008, 0.002, 0.001, 0.004, 0.005, 0.003, 0.001, 0.001, 0.004, 0.004, 0.003, 0.019, 0.002, 0.003, 0.002, 0.001, 0.003, 0.001, 0.001, 0.001, 0.001, 0.001, 0.004, 0.007, 0.001, 0.008, 0.002, 0.002, 0.008, 0.002, 0.005, 0.008, 0.013, 0.005, 0.001, 0.002, 0.002, 0.003, 0.001, 0.001, 0.001, 0.004, 0.002, 0.001, 0.006, 0.006, 0.004, 0.003, 0.003, 0.002, 0.003, 0.007, 0.002, 0.002, 0.001, 0.001, 0.001, 0.001, 0.001, 0.001, 0.003, 0.006, 0.002, 0.004, 0.001, 0.005, 0.001, 0.003, 0.002, 0.001, 0.001, 0.004, 0.001, 0.001, 0.002, 0.001, 0.002, 0.001, 0.002, 0.002, 0.01, 0.001, 0.001, 0.001, 0.001, 0.001, 0.001, 0.001, 0.001]
2.325
[23, 2, 23, 1, 22, 23, 0, 2, 21, 22, 23, 0, 1, 2, 1, 0, 1, 22, 23, 0, 1, 2, 3, 4, 21, 22, 23, 0, 1, 2, 20, 21, 22, 23, 0, 1, 22, 23, 0, 21, 1, 2, 20, 21, 22, 23, 0, 1, 2, 3, 5, 17, 18, 19, 20, 21, 22, 23, 0, 1, 2, 20, 23, 0, 1, 2, 3, 4, 20, 21, 22, 23, 0, 1, 17, 18, 19, 20, 21, 22, 23, 0, 1, 2, 3, 4, 5, 15, 17, 18, 19, 20, 21, 22, 23, 0, 1, 2, 3, 4, 19, 20, 21, 22, 23, 0, 1, 2, 3, 4, 18, 19, 20, 21, 22, 23, 0, 1, 2, 3, 19, 20, 21, 22, 23, 0, 1, 2, 3, 4, 21, 22, 23, 0, 1, 2, 5, 18, 19, 21, 22, 23, 1, 2, 3, 18, 20, 21, 22, 23, 0, 1, 2, 3, 20, 21, 22, 23, 0, 1, 2, 3, 4, 19, 20, 21, 22, 23, 0, 1, 2, 21, 22, 23, 0, 1, 2, 3, 20, 21, 23, 0, 1, 2, 20, 21, 22, 0, 22, 23, 0, 1, 2, 18, 23, 0, 2, 22, 23, 0, 1, 20, 22, 23, 0, 1, 22, 23, 0, 1, 23, 0, 1, 2, 20, 22, 23, 0, 1, 2, 4, 19, 20, 21, 22, 23, 0, 1, 2, 23, 20, 21, 22, 22, 23, 0, 21, 22, 23, 0, 1, 20, 21, 22, 23, 0, 1, 3, 21, 23, 0, 1, 23, 20, 21, 22, 23, 0, 19, 23, 1, 22, 23, 0, 1, 20, 23, 0, 1, 19, 22, 23, 0, 23, 1, 0, 1, 1, 1, 23, 23]
[0.001, 0.001, 0.001, 0.001, 0.001, 0.003, 0.009, 0.002, 0.002, 0.003, 0.005, 0.004, 0.007, 0.002, 0.001, 0.001, 0.002, 0.003, 0.003, 0.012, 0.017, 0.005, 0.002, 0.001, 0.001, 0.004, 0.007, 0.018, 0.01, 0.011, 0.001, 0.002, 0.001, 0.005, 0.008, 0.003, 0.001, 0.001, 0.002, 0.001, 0.001, 0.001, 0.001, 0.002, 0.008, 0.013, 0.015, 0.012, 0.007, 0.003, 0.001, 0.002, 0.002, 0.004, 0.01, 0.016, 0.042, 0.038, 0.022, 0.015, 0.008, 0.003, 0.003, 0.012, 0.005, 0.007, 0.016, 0.001, 0.002, 0.002, 0.002, 0.008, 0.008, 0.008, 0.001, 0.003, 0.016, 0.026, 0.045, 0.019, 0.073, 0.063, 0.01, 0.004, 0.003, 0.001, 0.001, 0.001, 0.001, 0.001, 0.007, 0.014, 0.047, 0.089, 0.102, 0.105, 0.117, 0.033, 0.008, 0.004, 0.005, 0.02, 0.019, 0.017, 0.004, 0.004, 0.003, 0.002, 0.001, 0.001, 0.001, 0.002, 0.002, 0.009, 0.019, 0.033, 0.024, 0.016, 0.011, 0.003, 0.003, 0.004, 0.01, 0.013, 0.019, 0.023, 0.032, 0.02, 0.004, 0.005, 0.002, 0.007, 0.003, 0.01, 0.008, 0.004, 0.001, 0.001, 0.001, 0.004, 0.009, 0.015, 0.004, 0.01, 0.001, 0.001, 0.008, 0.012, 0.036, 0.024, 0.015, 0.008, 0.003, 0.001, 0.004, 0.001, 0.014, 0.024, 0.032, 0.03, 0.015, 0.001, 0.001, 0.001, 0.003, 0.014, 0.005, 0.019, 0.016, 0.007, 0.002, 0.002, 0.001, 0.001, 0.001, 0.004, 0.004, 0.002, 0.001, 0.001, 0.003, 0.046, 0.003, 0.001, 0.001, 0.002, 0.003, 0.004, 0.002, 0.001, 0.007, 0.012, 0.003, 0.001, 0.008, 0.002, 0.001, 0.004, 0.005, 0.003, 0.001, 0.001, 0.004, 0.004, 0.003, 0.019, 0.002, 0.003, 0.002, 0.001, 0.002, 0.001, 0.001, 0.001, 0.001, 0.001, 0.004, 0.007, 0.001, 0.008, 0.002, 0.002, 0.008, 0.002, 0.005, 0.008, 0.013, 0.005, 0.001, 0.001, 0.002, 0.003, 0.001, 0.001, 0.003, 0.002, 0.001, 0.006, 0.006, 0.004, 0.003, 0.003, 0.002, 0.003, 0.007, 0.001, 0.002, 0.001, 0.001, 0.001, 0.001, 0.001, 0.001, 0.002, 0.006, 0.002, 0.004, 0.001, 0.005, 0.003, 0.002, 0.001, 0.001, 0.004, 0.001, 0.001, 0.002, 0.001, 0.002, 0.001, 0.002, 0.002, 0.01, 0.001, 0.001, 0.001, 0.001, 0.001, 0.001, 0.001, 0.001]
2.298
[23, 2, 23, 1, 22, 23, 0, 2, 21, 22, 23, 0, 1, 2, 1, 0, 1, 22, 23, 0, 1, 2, 3, 4, 21, 22, 23, 0, 1, 2, 20, 21, 22, 23, 0, 1, 22, 23, 0, 21, 1, 2, 20, 21, 22, 23, 0, 1, 2, 3, 5, 17, 18, 19, 20, 21, 22, 23, 0, 1, 2, 20, 23, 0, 1, 2, 3, 4, 20, 21, 22, 23, 0, 1, 17, 18, 19, 20, 21, 22, 23, 0, 1, 2, 3, 4, 5, 15, 17, 18, 19, 20, 21, 22, 23, 0, 1, 2, 3, 4, 19, 20, 21, 22, 23, 0, 1, 2, 3, 4, 18, 19, 20, 21, 22, 23, 0, 1, 2, 3, 19, 20, 21, 22, 23, 0, 1, 2, 3, 4, 21, 22, 23, 0, 1, 2, 5, 18, 19, 21, 22, 23, 1, 2, 3, 18, 20, 21, 22, 23, 0, 1, 2, 3, 20, 21, 22, 23, 0, 1, 2, 3, 19, 20, 21, 22, 23, 0, 1, 2, 21, 22, 23, 0, 1, 2, 3, 20, 21, 23, 0, 1, 2, 20, 21, 22, 0, 22, 23, 0, 1, 2, 18, 23, 0, 2, 22, 23, 0, 1, 20, 22, 23, 0, 1, 22, 23, 0, 1, 23, 0, 1, 2, 20, 22, 23, 0, 1, 2, 4, 19, 20, 21, 22, 23, 0, 1, 2, 20, 21, 22, 22, 23, 0, 21, 22, 23, 0, 1, 20, 21, 22, 23, 0, 1, 3, 23, 0, 1, 23, 20, 21, 22, 23, 0, 19, 23, 1, 22, 23, 0, 1, 20, 23, 0, 1, 19, 22, 23, 0, 23, 1, 0, 1, 1, 1, 23, 23]
[0.001, 0.001, 0.001, 0.001, 0.001, 0.003, 0.009, 0.002, 0.002, 0.003, 0.005, 0.004, 0.007, 0.002, 0.001, 0.001, 0.002, 0.003, 0.002, 0.012, 0.017, 0.005, 0.002, 0.001, 0.001, 0.004, 0.006, 0.018, 0.01, 0.011, 0.001, 0.001, 0.001, 0.005, 0.008, 0.003, 0.001, 0.001, 0.002, 0.001, 0.001, 0.001, 0.001, 0.002, 0.008, 0.013, 0.015, 0.012, 0.007, 0.003, 0.001, 0.002, 0.002, 0.004, 0.009, 0.016, 0.042, 0.038, 0.022, 0.015, 0.008, 0.003, 0.003, 0.011, 0.005, 0.007, 0.015, 0.001, 0.002, 0.002, 0.002, 0.008, 0.008, 0.008, 0.001, 0.003, 0.016, 0.025, 0.045, 0.019, 0.072, 0.063, 0.01, 0.004, 0.003, 0.001, 0.001, 0.001, 0.001, 0.001, 0.007, 0.014, 0.046, 0.089, 0.101, 0.105, 0.114, 0.032, 0.008, 0.004, 0.005, 0.02, 0.019, 0.017, 0.004, 0.004, 0.003, 0.002, 0.001, 0.001, 0.001, 0.002, 0.002, 0.009, 0.019, 0.033, 0.024, 0.016, 0.011, 0.002, 0.003, 0.004, 0.01, 0.013, 0.019, 0.023, 0.031, 0.02, 0.004, 0.005, 0.002, 0.007, 0.003, 0.01, 0.008, 0.004, 0.001, 0.001, 0.001, 0.004, 0.009, 0.015, 0.004, 0.01, 0.001, 0.001, 0.008, 0.012, 0.036, 0.023, 0.015, 0.008, 0.003, 0.001, 0.004, 0.001, 0.014, 0.024, 0.03, 0.029, 0.015, 0.001, 0.001, 0.003, 0.014, 0.005, 0.018, 0.016, 0.006, 0.002, 0.002, 0.001, 0.001, 0.001, 0.004, 0.004, 0.002, 0.001, 0.001, 0.003, 0.046, 0.003, 0.001, 0.001, 0.002, 0.003, 0.004, 0.002, 0.001, 0.007, 0.012, 0.003, 0.001, 0.008, 0.002, 0.001, 0.004, 0.005, 0.003, 0.001, 0.001, 0.004, 0.004, 0.003, 0.019, 0.002, 0.003, 0.002, 0.001, 0.002, 0.001, 0.001, 0.001, 0.001, 0.001, 0.004, 0.007, 0.001, 0.008, 0.002, 0.002, 0.008, 0.002, 0.005, 0.008, 0.012, 0.005, 0.001, 0.002, 0.003, 0.001, 0.001, 0.003, 0.002, 0.001, 0.006, 0.006, 0.004, 0.003, 0.002, 0.002, 0.003, 0.007, 0.001, 0.002, 0.001, 0.001, 0.001, 0.001, 0.001, 0.002, 0.006, 0.002, 0.004, 0.001, 0.005, 0.003, 0.002, 0.001, 0.001, 0.004, 0.001, 0.001, 0.002, 0.001, 0.002, 0.001, 0.002, 0.002, 0.01, 0.001, 0.001, 0.001, 0.001, 0.001, 0.001, 0.001, 0.001]
2.298
[6, 6, 6, 6, 6, 6, 6, 6, 6, 6, 6, 6, 6, 6, 6, 6, 6, 6, 6, 6, 6, 6, 6, 6, 6, 6, 6, 6, 6, 6, 6, 6, 6, 6, 6, 6, 7, 7, 7, 7, 7, 7, 7, 7, 7, 7, 7, 7, 7, 7, 7, 7, 7, 7, 7, 7, 7, 7, 7, 7, 7, 7, 7, 7, 7, 7, 7, 7, 7, 7, 7, 7, 7, 7, 7, 7, 7, 7, 7, 7, 7, 7, 7, 7, 7, 7, 7, 7, 7, 7, 7, 7, 7, 7, 7, 7, 7, 7, 7, 7, 7, 7, 7, 7, 7, 7, 7, 7, 7, 7, 7, 7, 7, 7, 7, 7, 7, 7, 7, 7, 7, 7, 7, 7, 7, 7, 7, 7, 7, 7, 7, 7, 7, 7, 7, 7, 7, 7, 7, 7, 7, 7, 7, 7, 7, 7, 7, 7, 7, 7, 7, 7, 7, 7, 7, 7, 7, 7, 7, 7, 7, 7, 7, 7, 7, 7, 7, 7, 7, 7, 7, 7, 7, 7, 7, 7, 7, 7, 7, 7, 7, 7, 7, 7, 7, 7, 7, 7, 7, 7, 7, 7, 7, 7, 7, 7, 7, 7, 7, 7, 7, 7, 7, 7, 7, 7, 7, 7, 7, 8, 8, 8, 8, 8, 8, 8, 8, 8, 8, 8, 8, 8, 8, 8, 8, 8, 8, 8, 8, 8, 8, 8, 8, 8, 8, 8, 8, 8, 8, 8, 8, 8, 8, 8, 8, 8, 8, 8, 8, 8, 8, 8, 8, 8, 8, 8, 8, 8, 8, 8, 8, 8, 8, 8, 8, 8, 8, 8, 8, 8, 8, 9, 9, 9, 9, 9, 9, 9]
[16, 19, 16, 18, 15, 16, 17, 19, 14, 15, 16, 17, 18, 19, 18, 17, 18, 15, 16, 17, 18, 19, 20, 21, 14, 15, 16, 17, 18, 19, 13, 14, 15, 16, 17, 18, 15, 16, 17, 14, 18, 19, 13, 14, 15, 16, 17, 18, 19, 20, 22, 10, 11, 12, 13, 14, 15, 16, 17, 18, 19, 13, 16, 17, 18, 19, 20, 21, 13, 14, 15, 16, 17, 18, 10, 11, 12, 13, 14, 15, 16, 17, 18, 19, 20, 21, 22, 8, 10, 11, 12, 13, 14, 15, 16, 17, 18, 19, 20, 21, 12, 13, 14, 15, 16, 17, 18, 19, 20, 21, 11, 12, 13, 14, 15, 16, 17, 18, 19, 20, 12, 13, 14, 15, 16, 17, 18, 19, 20, 21, 14, 15, 16, 17, 18, 19, 22, 11, 12, 14, 15, 16, 18, 19, 20, 11, 13, 14, 15, 16, 17, 18, 19, 20, 13, 14, 15, 16, 17, 18, 19, 20, 12, 13, 14, 15, 16, 17, 18, 19, 14, 15, 16, 17, 18, 19, 20, 13, 14, 16, 17, 18, 19, 13, 14, 15, 17, 15, 16, 17, 18, 19, 11, 16, 17, 19, 15, 16, 17, 18, 13, 15, 16, 17, 18, 15, 16, 17, 18, 16, 17, 18, 19, 13, 15, 16, 17, 18, 19, 21, 12, 13, 14, 15, 16, 17, 18, 19, 13, 14, 15, 15, 16, 17, 14, 15, 16, 17, 18, 13, 14, 15, 16, 17, 18, 20, 16, 17, 18, 16, 13, 14, 15, 16, 17, 12, 16, 18, 15, 16, 17, 18, 13, 16, 17, 18, 12, 15, 16, 17, 16, 18, 17, 18, 18, 18, 16, 16]
[3743, 3770, 3791, 3817, 3934, 3935, 3936, 3938, 3957, 3958, 3959, 3960, 3961, 3962, 4129, 4224, 4225, 4246, 4247, 4248, 4249, 4250, 4251, 4252, 4269, 4270, 4271, 4272, 4273, 4274, 4292, 4293, 4294, 4295, 4296, 4297, 4390, 4391, 4392, 4413, 4441, 4442, 4460, 4461, 4462, 4463, 4464, 4465, 4466, 4467, 4469, 4481, 4482, 4483, 4484, 4485, 4486, 4487, 4488, 4489, 4490, 4508, 4511, 4512, 4513, 4514, 4515, 4516, 4532, 4533, 4534, 4535, 4536, 4537, 4553, 4554, 4555, 4556, 4557, 4558, 4559, 4560, 4561, 4562, 4563, 4564, 4565, 4575, 4577, 4578, 4579, 4580, 4581, 4582, 4583, 4584, 4585, 4586, 4587, 4588, 4603, 4604, 4605, 4606, 4607, 4608, 4609, 4610, 4611, 4612, 4626, 4627, 4628, 4629, 4630, 4631, 4632, 4633, 4634, 4635, 4651, 4652, 4653, 4654, 4655, 4656, 4657, 4658, 4659, 4660, 4701, 4702, 4703, 4704, 4705, 4706, 4709, 4722, 4723, 4725, 4726, 4727, 4729, 4730, 4731, 4746, 4748, 4749, 4750, 4751, 4752, 4753, 4754, 4755, 4772, 4773, 4774, 4775, 4776, 4777, 4778, 4779, 4795, 4796, 4797, 4798, 4799, 4800, 4801, 4802, 4821, 4822, 4823, 4824, 4825, 4826, 4827, 4844, 4845, 4847, 4848, 4849, 4850, 4892, 4893, 4894, 4896, 4918, 4919, 4920, 4921, 4922, 4938, 4943, 4944, 4946, 4966, 4967, 4968, 4969, 4988, 4990, 4991, 4992, 4993, 5014, 5015, 5016, 5017, 5063, 5064, 5065, 5066, 5084, 5086, 5087, 5088, 5089, 5090, 5092, 5107, 5108, 5109, 5110, 5111, 5112, 5113, 5114, 5156, 5157, 5254, 5278, 5279, 5280, 5301, 5302, 5303, 5304, 5305, 5324, 5325, 5326, 5327, 5328, 5329, 5331, 5351, 5352, 5353, 5375, 5396, 5397, 5398, 5399, 5400, 5419, 5423, 5425, 5446, 5447, 5448, 5449, 5468, 5471, 5472, 5473, 5491, 5494, 5495, 5496, 5567, 5929, 5952, 5977, 6001, 6073, 6095, 6119]
[0.001, 0.001, 0.001, 0.001, 0.001, 0.003, 0.009, 0.002, 0.002, 0.003, 0.005, 0.004, 0.007, 0.002, 0.001, 0.001, 0.002, 0.003, 0.002, 0.012, 0.017, 0.005, 0.002, 0.001, 0.001, 0.004, 0.006, 0.018, 0.01, 0.011, 0.001, 0.001, 0.001, 0.005, 0.008, 0.003, 0.001, 0.001, 0.002, 0.001, 0.001, 0.001, 0.001, 0.002, 0.008, 0.013, 0.015, 0.012, 0.007, 0.003, 0.001, 0.002, 0.002, 0.004, 0.009, 0.016, 0.042, 0.038, 0.022, 0.015, 0.008, 0.003, 0.003, 0.011, 0.005, 0.007, 0.015, 0.001, 0.002, 0.002, 0.002, 0.008, 0.008, 0.008, 0.001, 0.003, 0.016, 0.025, 0.045, 0.019, 0.072, 0.063, 0.01, 0.004, 0.003, 0.001, 0.001, 0.001, 0.001, 0.001, 0.007, 0.014, 0.046, 0.089, 0.101, 0.105, 0.114, 0.032, 0.008, 0.004, 0.005, 0.02, 0.019, 0.017, 0.004, 0.004, 0.003, 0.002, 0.001, 0.001, 0.001, 0.002, 0.002, 0.009, 0.019, 0.033, 0.024, 0.016, 0.011, 0.002, 0.003, 0.004, 0.01, 0.013, 0.019, 0.023, 0.031, 0.02, 0.004, 0.005, 0.002, 0.007, 0.003, 0.01, 0.008, 0.004, 0.001, 0.001, 0.001, 0.004, 0.009, 0.015, 0.004, 0.01, 0.001, 0.001, 0.008, 0.012, 0.036, 0.023, 0.015, 0.008, 0.003, 0.001, 0.004, 0.001, 0.014, 0.024, 0.03, 0.029, 0.015, 0.001, 0.001, 0.003, 0.014, 0.005, 0.018, 0.016, 0.006, 0.002, 0.002, 0.001, 0.001, 0.001, 0.004, 0.004, 0.002, 0.001, 0.001, 0.003, 0.046, 0.003, 0.001, 0.001, 0.002, 0.003, 0.004, 0.002, 0.001, 0.007, 0.012, 0.003, 0.001, 0.008, 0.002, 0.001, 0.004, 0.005, 0.003, 0.001, 0.001, 0.004, 0.004, 0.003, 0.019, 0.002, 0.003, 0.002, 0.001, 0.002, 0.001, 0.001, 0.001, 0.001, 0.001, 0.004, 0.007, 0.001, 0.008, 0.002, 0.002, 0.008, 0.002, 0.005, 0.008, 0.012, 0.005, 0.001, 0.002, 0.003, 0.001, 0.001, 0.003, 0.002, 0.001, 0.006, 0.006, 0.004, 0.003, 0.002, 0.002, 0.003, 0.007, 0.001, 0.002, 0.001, 0.001, 0.001, 0.001, 0.001, 0.002, 0.006, 0.002, 0.004, 0.001, 0.005, 0.003, 0.002, 0.001, 0.001, 0.004, 0.001, 0.001, 0.002, 0.001, 0.002, 0.001, 0.002, 0.002, 0.01, 0.001, 0.001, 0.001, 0.001, 0.001, 0.001, 0.001, 0.001]
******!!!!!!!!!!!!***********ELCC: 28
