Parameters:
	 year : 2018
	 region : WECC
	 iterations : 1000
	 rm generators iterations : 100
	 target lolh : 2.4
	 shift load : 0
	 debug : True
	 output folder : 2018_WECC_.elcc/
	 demand file : ../demand/WECC.csv
	 eia folder : ../eia8602018/
	 solar cf file : ../wecc_powGen/2018_solar_ac_generation.nc
	 wind cf file : ../wecc_powGen/2018_wind_ac_generation.nc
	 setting : none
	 conventional efor : 0.05
	 RE efor : 1.0
	 derate conventional : False
	 oldest year : 0
	 type : solar
	 nameplate : 100
	 lat : 41
	 lon : -112
	 efor : 0
found 3323 conventional generators
found 1540 renewable generators
0 of 10 blocks complete
1 of 10 blocks complete
2 of 10 blocks complete
3 of 10 blocks complete
4 of 10 blocks complete
5 of 10 blocks complete
6 of 10 blocks complete
7 of 10 blocks complete
8 of 10 blocks complete
9 of 10 blocks complete
0 of 10 blocks complete
1 of 10 blocks complete
2 of 10 blocks complete
3 of 10 blocks complete
4 of 10 blocks complete
5 of 10 blocks complete
6 of 10 blocks complete
7 of 10 blocks complete
8 of 10 blocks complete
9 of 10 blocks complete
0 of 2 blocks complete
1 of 2 blocks complete
0 of 10 blocks complete
1 of 10 blocks complete
2 of 10 blocks complete
3 of 10 blocks complete
4 of 10 blocks complete
5 of 10 blocks complete
6 of 10 blocks complete
7 of 10 blocks complete
8 of 10 blocks complete
9 of 10 blocks complete
0 of 10 blocks complete
1 of 10 blocks complete
2 of 10 blocks complete
3 of 10 blocks complete
4 of 10 blocks complete
5 of 10 blocks complete
6 of 10 blocks complete
7 of 10 blocks complete
8 of 10 blocks complete
9 of 10 blocks complete
0 of 2 blocks complete
1 of 2 blocks complete
1938.0 0.0 7.5
0 of 10 blocks complete
1 of 10 blocks complete
2 of 10 blocks complete
3 of 10 blocks complete
4 of 10 blocks complete
5 of 10 blocks complete
6 of 10 blocks complete
7 of 10 blocks complete
8 of 10 blocks complete
9 of 10 blocks complete
0 of 10 blocks complete
1 of 10 blocks complete
2 of 10 blocks complete
3 of 10 blocks complete
4 of 10 blocks complete
5 of 10 blocks complete
6 of 10 blocks complete
7 of 10 blocks complete
8 of 10 blocks complete
9 of 10 blocks complete
0 of 2 blocks complete
1 of 2 blocks complete
1941.0 0.0 0.6
0 of 10 blocks complete
1 of 10 blocks complete
2 of 10 blocks complete
3 of 10 blocks complete
4 of 10 blocks complete
5 of 10 blocks complete
6 of 10 blocks complete
7 of 10 blocks complete
8 of 10 blocks complete
9 of 10 blocks complete
0 of 10 blocks complete
1 of 10 blocks complete
2 of 10 blocks complete
3 of 10 blocks complete
4 of 10 blocks complete
5 of 10 blocks complete
6 of 10 blocks complete
7 of 10 blocks complete
8 of 10 blocks complete
9 of 10 blocks complete
0 of 2 blocks complete
1 of 2 blocks complete
1947.0 0.0 3.0
0 of 10 blocks complete
1 of 10 blocks complete
2 of 10 blocks complete
3 of 10 blocks complete
4 of 10 blocks complete
5 of 10 blocks complete
6 of 10 blocks complete
7 of 10 blocks complete
8 of 10 blocks complete
9 of 10 blocks complete
0 of 10 blocks complete
1 of 10 blocks complete
2 of 10 blocks complete
3 of 10 blocks complete
4 of 10 blocks complete
5 of 10 blocks complete
6 of 10 blocks complete
7 of 10 blocks complete
8 of 10 blocks complete
9 of 10 blocks complete
0 of 2 blocks complete
1 of 2 blocks complete
1948.0 0.0 27.9
0 of 10 blocks complete
1 of 10 blocks complete
2 of 10 blocks complete
3 of 10 blocks complete
4 of 10 blocks complete
5 of 10 blocks complete
6 of 10 blocks complete
7 of 10 blocks complete
8 of 10 blocks complete
9 of 10 blocks complete
0 of 10 blocks complete
1 of 10 blocks complete
2 of 10 blocks complete
3 of 10 blocks complete
4 of 10 blocks complete
5 of 10 blocks complete
6 of 10 blocks complete
7 of 10 blocks complete
8 of 10 blocks complete
9 of 10 blocks complete
0 of 2 blocks complete
1 of 2 blocks complete
1951.0 0.0 72.5
0 of 10 blocks complete
1 of 10 blocks complete
2 of 10 blocks complete
3 of 10 blocks complete
4 of 10 blocks complete
5 of 10 blocks complete
6 of 10 blocks complete
7 of 10 blocks complete
8 of 10 blocks complete
9 of 10 blocks complete
0 of 10 blocks complete
1 of 10 blocks complete
2 of 10 blocks complete
3 of 10 blocks complete
4 of 10 blocks complete
5 of 10 blocks complete
6 of 10 blocks complete
7 of 10 blocks complete
8 of 10 blocks complete
9 of 10 blocks complete
0 of 2 blocks complete
1 of 2 blocks complete
1952.0 0.0 109.5
0 of 10 blocks complete
1 of 10 blocks complete
2 of 10 blocks complete
3 of 10 blocks complete
4 of 10 blocks complete
5 of 10 blocks complete
6 of 10 blocks complete
7 of 10 blocks complete
8 of 10 blocks complete
9 of 10 blocks complete
0 of 10 blocks complete
1 of 10 blocks complete
2 of 10 blocks complete
3 of 10 blocks complete
4 of 10 blocks complete
5 of 10 blocks complete
6 of 10 blocks complete
7 of 10 blocks complete
8 of 10 blocks complete
9 of 10 blocks complete
0 of 2 blocks complete
1 of 2 blocks complete
1953.0 0.0 47.3
0 of 10 blocks complete
1 of 10 blocks complete
2 of 10 blocks complete
3 of 10 blocks complete
4 of 10 blocks complete
5 of 10 blocks complete
6 of 10 blocks complete
7 of 10 blocks complete
8 of 10 blocks complete
9 of 10 blocks complete
0 of 10 blocks complete
1 of 10 blocks complete
2 of 10 blocks complete
3 of 10 blocks complete
4 of 10 blocks complete
5 of 10 blocks complete
6 of 10 blocks complete
7 of 10 blocks complete
8 of 10 blocks complete
9 of 10 blocks complete
0 of 2 blocks complete
1 of 2 blocks complete
1954.0 0.0 209.8
0 of 10 blocks complete
1 of 10 blocks complete
2 of 10 blocks complete
3 of 10 blocks complete
4 of 10 blocks complete
5 of 10 blocks complete
6 of 10 blocks complete
7 of 10 blocks complete
8 of 10 blocks complete
9 of 10 blocks complete
0 of 10 blocks complete
1 of 10 blocks complete
2 of 10 blocks complete
3 of 10 blocks complete
4 of 10 blocks complete
5 of 10 blocks complete
6 of 10 blocks complete
7 of 10 blocks complete
8 of 10 blocks complete
9 of 10 blocks complete
0 of 2 blocks complete
1 of 2 blocks complete
1955.0 0.0 173.6
0 of 10 blocks complete
1 of 10 blocks complete
2 of 10 blocks complete
3 of 10 blocks complete
4 of 10 blocks complete
5 of 10 blocks complete
6 of 10 blocks complete
7 of 10 blocks complete
8 of 10 blocks complete
9 of 10 blocks complete
0 of 10 blocks complete
1 of 10 blocks complete
2 of 10 blocks complete
3 of 10 blocks complete
4 of 10 blocks complete
5 of 10 blocks complete
6 of 10 blocks complete
7 of 10 blocks complete
8 of 10 blocks complete
9 of 10 blocks complete
0 of 2 blocks complete
1 of 2 blocks complete
1956.0 0.0 156.0
0 of 10 blocks complete
1 of 10 blocks complete
2 of 10 blocks complete
3 of 10 blocks complete
4 of 10 blocks complete
5 of 10 blocks complete
6 of 10 blocks complete
7 of 10 blocks complete
8 of 10 blocks complete
9 of 10 blocks complete
0 of 10 blocks complete
1 of 10 blocks complete
2 of 10 blocks complete
3 of 10 blocks complete
4 of 10 blocks complete
5 of 10 blocks complete
6 of 10 blocks complete
7 of 10 blocks complete
8 of 10 blocks complete
9 of 10 blocks complete
0 of 2 blocks complete
1 of 2 blocks complete
1957.0 0.0 526.8
0 of 10 blocks complete
1 of 10 blocks complete
2 of 10 blocks complete
3 of 10 blocks complete
4 of 10 blocks complete
5 of 10 blocks complete
6 of 10 blocks complete
7 of 10 blocks complete
8 of 10 blocks complete
9 of 10 blocks complete
0 of 10 blocks complete
1 of 10 blocks complete
2 of 10 blocks complete
3 of 10 blocks complete
4 of 10 blocks complete
5 of 10 blocks complete
6 of 10 blocks complete
7 of 10 blocks complete
8 of 10 blocks complete
9 of 10 blocks complete
0 of 2 blocks complete
1 of 2 blocks complete
1958.0 0.0 896.5999999999999
0 of 10 blocks complete
1 of 10 blocks complete
2 of 10 blocks complete
3 of 10 blocks complete
4 of 10 blocks complete
5 of 10 blocks complete
6 of 10 blocks complete
7 of 10 blocks complete
8 of 10 blocks complete
9 of 10 blocks complete
0 of 10 blocks complete
1 of 10 blocks complete
2 of 10 blocks complete
3 of 10 blocks complete
4 of 10 blocks complete
5 of 10 blocks complete
6 of 10 blocks complete
7 of 10 blocks complete
8 of 10 blocks complete
9 of 10 blocks complete
0 of 2 blocks complete
1 of 2 blocks complete
1959.0 0.0 468.0
0 of 10 blocks complete
1 of 10 blocks complete
2 of 10 blocks complete
3 of 10 blocks complete
4 of 10 blocks complete
5 of 10 blocks complete
6 of 10 blocks complete
7 of 10 blocks complete
8 of 10 blocks complete
9 of 10 blocks complete
0 of 10 blocks complete
1 of 10 blocks complete
2 of 10 blocks complete
3 of 10 blocks complete
4 of 10 blocks complete
5 of 10 blocks complete
6 of 10 blocks complete
7 of 10 blocks complete
8 of 10 blocks complete
9 of 10 blocks complete
0 of 2 blocks complete
1 of 2 blocks complete
1960.0 0.0 505.6
0 of 10 blocks complete
1 of 10 blocks complete
2 of 10 blocks complete
3 of 10 blocks complete
4 of 10 blocks complete
5 of 10 blocks complete
6 of 10 blocks complete
7 of 10 blocks complete
8 of 10 blocks complete
9 of 10 blocks complete
0 of 10 blocks complete
1 of 10 blocks complete
2 of 10 blocks complete
3 of 10 blocks complete
4 of 10 blocks complete
5 of 10 blocks complete
6 of 10 blocks complete
7 of 10 blocks complete
8 of 10 blocks complete
9 of 10 blocks complete
0 of 2 blocks complete
1 of 2 blocks complete
1961.0 0.0 606.8
0 of 10 blocks complete
1 of 10 blocks complete
2 of 10 blocks complete
3 of 10 blocks complete
4 of 10 blocks complete
5 of 10 blocks complete
6 of 10 blocks complete
7 of 10 blocks complete
8 of 10 blocks complete
9 of 10 blocks complete
0 of 10 blocks complete
1 of 10 blocks complete
2 of 10 blocks complete
3 of 10 blocks complete
4 of 10 blocks complete
5 of 10 blocks complete
6 of 10 blocks complete
7 of 10 blocks complete
8 of 10 blocks complete
9 of 10 blocks complete
0 of 2 blocks complete
1 of 2 blocks complete
1962.0 0.0 833.2
0 of 10 blocks complete
1 of 10 blocks complete
2 of 10 blocks complete
3 of 10 blocks complete
4 of 10 blocks complete
5 of 10 blocks complete
6 of 10 blocks complete
7 of 10 blocks complete
8 of 10 blocks complete
9 of 10 blocks complete
0 of 10 blocks complete
1 of 10 blocks complete
2 of 10 blocks complete
3 of 10 blocks complete
4 of 10 blocks complete
5 of 10 blocks complete
6 of 10 blocks complete
7 of 10 blocks complete
8 of 10 blocks complete
9 of 10 blocks complete
0 of 2 blocks complete
1 of 2 blocks complete
1963.0 0.0 505.1
0 of 10 blocks complete
1 of 10 blocks complete
2 of 10 blocks complete
3 of 10 blocks complete
4 of 10 blocks complete
5 of 10 blocks complete
6 of 10 blocks complete
7 of 10 blocks complete
8 of 10 blocks complete
9 of 10 blocks complete
0 of 10 blocks complete
1 of 10 blocks complete
2 of 10 blocks complete
3 of 10 blocks complete
4 of 10 blocks complete
5 of 10 blocks complete
6 of 10 blocks complete
7 of 10 blocks complete
8 of 10 blocks complete
9 of 10 blocks complete
0 of 2 blocks complete
1 of 2 blocks complete
1964.0 0.0 822.0
0 of 10 blocks complete
1 of 10 blocks complete
2 of 10 blocks complete
3 of 10 blocks complete
4 of 10 blocks complete
5 of 10 blocks complete
6 of 10 blocks complete
7 of 10 blocks complete
8 of 10 blocks complete
9 of 10 blocks complete
0 of 10 blocks complete
1 of 10 blocks complete
2 of 10 blocks complete
3 of 10 blocks complete
4 of 10 blocks complete
5 of 10 blocks complete
6 of 10 blocks complete
7 of 10 blocks complete
8 of 10 blocks complete
9 of 10 blocks complete
0 of 2 blocks complete
1 of 2 blocks complete
1965.0 0.0 200.0
0 of 10 blocks complete
1 of 10 blocks complete
2 of 10 blocks complete
3 of 10 blocks complete
4 of 10 blocks complete
5 of 10 blocks complete
6 of 10 blocks complete
7 of 10 blocks complete
8 of 10 blocks complete
9 of 10 blocks complete
0 of 10 blocks complete
1 of 10 blocks complete
2 of 10 blocks complete
3 of 10 blocks complete
4 of 10 blocks complete
5 of 10 blocks complete
6 of 10 blocks complete
7 of 10 blocks complete
8 of 10 blocks complete
9 of 10 blocks complete
0 of 2 blocks complete
1 of 2 blocks complete
1966.0 0.0 642.9
0 of 10 blocks complete
1 of 10 blocks complete
2 of 10 blocks complete
3 of 10 blocks complete
4 of 10 blocks complete
5 of 10 blocks complete
6 of 10 blocks complete
7 of 10 blocks complete
8 of 10 blocks complete
9 of 10 blocks complete
0 of 10 blocks complete
1 of 10 blocks complete
2 of 10 blocks complete
3 of 10 blocks complete
4 of 10 blocks complete
5 of 10 blocks complete
6 of 10 blocks complete
7 of 10 blocks complete
8 of 10 blocks complete
9 of 10 blocks complete
0 of 2 blocks complete
1 of 2 blocks complete
1967.0 0.0 1796.9
0 of 10 blocks complete
1 of 10 blocks complete
2 of 10 blocks complete
3 of 10 blocks complete
4 of 10 blocks complete
5 of 10 blocks complete
6 of 10 blocks complete
7 of 10 blocks complete
8 of 10 blocks complete
9 of 10 blocks complete
0 of 10 blocks complete
1 of 10 blocks complete
2 of 10 blocks complete
3 of 10 blocks complete
4 of 10 blocks complete
5 of 10 blocks complete
6 of 10 blocks complete
7 of 10 blocks complete
8 of 10 blocks complete
9 of 10 blocks complete
0 of 2 blocks complete
1 of 2 blocks complete
1968.0 0.0 1243.4
0 of 10 blocks complete
1 of 10 blocks complete
2 of 10 blocks complete
3 of 10 blocks complete
4 of 10 blocks complete
5 of 10 blocks complete
6 of 10 blocks complete
7 of 10 blocks complete
8 of 10 blocks complete
9 of 10 blocks complete
0 of 10 blocks complete
1 of 10 blocks complete
2 of 10 blocks complete
3 of 10 blocks complete
4 of 10 blocks complete
5 of 10 blocks complete
6 of 10 blocks complete
7 of 10 blocks complete
8 of 10 blocks complete
9 of 10 blocks complete
0 of 2 blocks complete
1 of 2 blocks complete
1969.0 0.0 923.8000000000001
0 of 10 blocks complete
1 of 10 blocks complete
2 of 10 blocks complete
3 of 10 blocks complete
4 of 10 blocks complete
5 of 10 blocks complete
6 of 10 blocks complete
7 of 10 blocks complete
8 of 10 blocks complete
9 of 10 blocks complete
0 of 10 blocks complete
1 of 10 blocks complete
2 of 10 blocks complete
3 of 10 blocks complete
4 of 10 blocks complete
5 of 10 blocks complete
6 of 10 blocks complete
7 of 10 blocks complete
8 of 10 blocks complete
9 of 10 blocks complete
0 of 2 blocks complete
1 of 2 blocks complete
1970.0 0.0 818.1
0 of 10 blocks complete
1 of 10 blocks complete
2 of 10 blocks complete
3 of 10 blocks complete
4 of 10 blocks complete
5 of 10 blocks complete
6 of 10 blocks complete
7 of 10 blocks complete
8 of 10 blocks complete
9 of 10 blocks complete
0 of 10 blocks complete
1 of 10 blocks complete
2 of 10 blocks complete
3 of 10 blocks complete
4 of 10 blocks complete
5 of 10 blocks complete
6 of 10 blocks complete
7 of 10 blocks complete
8 of 10 blocks complete
9 of 10 blocks complete
0 of 2 blocks complete
1 of 2 blocks complete
1971.0 0.0 1569.6
0 of 10 blocks complete
1 of 10 blocks complete
2 of 10 blocks complete
3 of 10 blocks complete
4 of 10 blocks complete
5 of 10 blocks complete
6 of 10 blocks complete
7 of 10 blocks complete
8 of 10 blocks complete
9 of 10 blocks complete
0 of 10 blocks complete
1 of 10 blocks complete
2 of 10 blocks complete
3 of 10 blocks complete
4 of 10 blocks complete
5 of 10 blocks complete
6 of 10 blocks complete
7 of 10 blocks complete
8 of 10 blocks complete
9 of 10 blocks complete
0 of 2 blocks complete
1 of 2 blocks complete
1972.0 0.0 1985.4
0 of 10 blocks complete
1 of 10 blocks complete
2 of 10 blocks complete
3 of 10 blocks complete
4 of 10 blocks complete
5 of 10 blocks complete
6 of 10 blocks complete
7 of 10 blocks complete
8 of 10 blocks complete
9 of 10 blocks complete
0 of 10 blocks complete
1 of 10 blocks complete
2 of 10 blocks complete
3 of 10 blocks complete
4 of 10 blocks complete
5 of 10 blocks complete
6 of 10 blocks complete
7 of 10 blocks complete
8 of 10 blocks complete
9 of 10 blocks complete
0 of 2 blocks complete
1 of 2 blocks complete
1973.0 0.0 2922.7000000000003
0 of 10 blocks complete
1 of 10 blocks complete
2 of 10 blocks complete
3 of 10 blocks complete
4 of 10 blocks complete
5 of 10 blocks complete
6 of 10 blocks complete
7 of 10 blocks complete
8 of 10 blocks complete
9 of 10 blocks complete
0 of 10 blocks complete
1 of 10 blocks complete
2 of 10 blocks complete
3 of 10 blocks complete
4 of 10 blocks complete
5 of 10 blocks complete
6 of 10 blocks complete
7 of 10 blocks complete
8 of 10 blocks complete
9 of 10 blocks complete
0 of 2 blocks complete
1 of 2 blocks complete
1974.0 0.0 3446.7000000000003
0 of 10 blocks complete
1 of 10 blocks complete
2 of 10 blocks complete
3 of 10 blocks complete
4 of 10 blocks complete
5 of 10 blocks complete
6 of 10 blocks complete
7 of 10 blocks complete
8 of 10 blocks complete
9 of 10 blocks complete
0 of 10 blocks complete
1 of 10 blocks complete
2 of 10 blocks complete
3 of 10 blocks complete
4 of 10 blocks complete
5 of 10 blocks complete
6 of 10 blocks complete
7 of 10 blocks complete
8 of 10 blocks complete
9 of 10 blocks complete
0 of 2 blocks complete
1 of 2 blocks complete
1975.0 0.1 2778.1
0 of 10 blocks complete
1 of 10 blocks complete
2 of 10 blocks complete
3 of 10 blocks complete
4 of 10 blocks complete
5 of 10 blocks complete
6 of 10 blocks complete
7 of 10 blocks complete
8 of 10 blocks complete
9 of 10 blocks complete
0 of 10 blocks complete
1 of 10 blocks complete
2 of 10 blocks complete
3 of 10 blocks complete
4 of 10 blocks complete
5 of 10 blocks complete
6 of 10 blocks complete
7 of 10 blocks complete
8 of 10 blocks complete
9 of 10 blocks complete
0 of 2 blocks complete
1 of 2 blocks complete
1976.0 2.4 3470.2000000000003
0 of 10 blocks complete
1 of 10 blocks complete
2 of 10 blocks complete
3 of 10 blocks complete
4 of 10 blocks complete
5 of 10 blocks complete
6 of 10 blocks complete
7 of 10 blocks complete
8 of 10 blocks complete
9 of 10 blocks complete
0 of 10 blocks complete
1 of 10 blocks complete
2 of 10 blocks complete
3 of 10 blocks complete
4 of 10 blocks complete
5 of 10 blocks complete
6 of 10 blocks complete
7 of 10 blocks complete
8 of 10 blocks complete
9 of 10 blocks complete
0 of 2 blocks complete
1 of 2 blocks complete
1977.0 4.7 1479.3000000000002
0 of 100 blocks complete
1 of 100 blocks complete
2 of 100 blocks complete
3 of 100 blocks complete
4 of 100 blocks complete
5 of 100 blocks complete
6 of 100 blocks complete
7 of 100 blocks complete
8 of 100 blocks complete
9 of 100 blocks complete
10 of 100 blocks complete
11 of 100 blocks complete
12 of 100 blocks complete
13 of 100 blocks complete
14 of 100 blocks complete
15 of 100 blocks complete
16 of 100 blocks complete
17 of 100 blocks complete
18 of 100 blocks complete
19 of 100 blocks complete
20 of 100 blocks complete
21 of 100 blocks complete
22 of 100 blocks complete
23 of 100 blocks complete
24 of 100 blocks complete
25 of 100 blocks complete
26 of 100 blocks complete
27 of 100 blocks complete
28 of 100 blocks complete
29 of 100 blocks complete
30 of 100 blocks complete
31 of 100 blocks complete
32 of 100 blocks complete
33 of 100 blocks complete
34 of 100 blocks complete
35 of 100 blocks complete
36 of 100 blocks complete
37 of 100 blocks complete
38 of 100 blocks complete
39 of 100 blocks complete
40 of 100 blocks complete
41 of 100 blocks complete
42 of 100 blocks complete
43 of 100 blocks complete
44 of 100 blocks complete
45 of 100 blocks complete
46 of 100 blocks complete
47 of 100 blocks complete
48 of 100 blocks complete
49 of 100 blocks complete
50 of 100 blocks complete
51 of 100 blocks complete
52 of 100 blocks complete
53 of 100 blocks complete
54 of 100 blocks complete
55 of 100 blocks complete
56 of 100 blocks complete
57 of 100 blocks complete
58 of 100 blocks complete
59 of 100 blocks complete
60 of 100 blocks complete
61 of 100 blocks complete
62 of 100 blocks complete
63 of 100 blocks complete
64 of 100 blocks complete
65 of 100 blocks complete
66 of 100 blocks complete
67 of 100 blocks complete
68 of 100 blocks complete
69 of 100 blocks complete
70 of 100 blocks complete
71 of 100 blocks complete
72 of 100 blocks complete
73 of 100 blocks complete
74 of 100 blocks complete
75 of 100 blocks complete
76 of 100 blocks complete
77 of 100 blocks complete
78 of 100 blocks complete
79 of 100 blocks complete
80 of 100 blocks complete
81 of 100 blocks complete
82 of 100 blocks complete
83 of 100 blocks complete
84 of 100 blocks complete
85 of 100 blocks complete
86 of 100 blocks complete
87 of 100 blocks complete
88 of 100 blocks complete
89 of 100 blocks complete
90 of 100 blocks complete
91 of 100 blocks complete
92 of 100 blocks complete
93 of 100 blocks complete
94 of 100 blocks complete
95 of 100 blocks complete
96 of 100 blocks complete
97 of 100 blocks complete
98 of 100 blocks complete
99 of 100 blocks complete
0 of 100 blocks complete
1 of 100 blocks complete
2 of 100 blocks complete
3 of 100 blocks complete
4 of 100 blocks complete
5 of 100 blocks complete
6 of 100 blocks complete
7 of 100 blocks complete
8 of 100 blocks complete
9 of 100 blocks complete
10 of 100 blocks complete
11 of 100 blocks complete
12 of 100 blocks complete
13 of 100 blocks complete
14 of 100 blocks complete
15 of 100 blocks complete
16 of 100 blocks complete
17 of 100 blocks complete
18 of 100 blocks complete
19 of 100 blocks complete
20 of 100 blocks complete
21 of 100 blocks complete
22 of 100 blocks complete
23 of 100 blocks complete
24 of 100 blocks complete
25 of 100 blocks complete
26 of 100 blocks complete
27 of 100 blocks complete
28 of 100 blocks complete
29 of 100 blocks complete
30 of 100 blocks complete
31 of 100 blocks complete
32 of 100 blocks complete
33 of 100 blocks complete
34 of 100 blocks complete
35 of 100 blocks complete
36 of 100 blocks complete
37 of 100 blocks complete
38 of 100 blocks complete
39 of 100 blocks complete
40 of 100 blocks complete
41 of 100 blocks complete
42 of 100 blocks complete
43 of 100 blocks complete
44 of 100 blocks complete
45 of 100 blocks complete
46 of 100 blocks complete
47 of 100 blocks complete
48 of 100 blocks complete
49 of 100 blocks complete
50 of 100 blocks complete
51 of 100 blocks complete
52 of 100 blocks complete
53 of 100 blocks complete
54 of 100 blocks complete
55 of 100 blocks complete
56 of 100 blocks complete
57 of 100 blocks complete
58 of 100 blocks complete
59 of 100 blocks complete
60 of 100 blocks complete
61 of 100 blocks complete
62 of 100 blocks complete
63 of 100 blocks complete
64 of 100 blocks complete
65 of 100 blocks complete
66 of 100 blocks complete
67 of 100 blocks complete
68 of 100 blocks complete
69 of 100 blocks complete
70 of 100 blocks complete
71 of 100 blocks complete
72 of 100 blocks complete
73 of 100 blocks complete
74 of 100 blocks complete
75 of 100 blocks complete
76 of 100 blocks complete
77 of 100 blocks complete
78 of 100 blocks complete
79 of 100 blocks complete
80 of 100 blocks complete
81 of 100 blocks complete
82 of 100 blocks complete
83 of 100 blocks complete
84 of 100 blocks complete
85 of 100 blocks complete
86 of 100 blocks complete
87 of 100 blocks complete
88 of 100 blocks complete
89 of 100 blocks complete
90 of 100 blocks complete
91 of 100 blocks complete
92 of 100 blocks complete
93 of 100 blocks complete
94 of 100 blocks complete
95 of 100 blocks complete
96 of 100 blocks complete
97 of 100 blocks complete
98 of 100 blocks complete
99 of 100 blocks complete
0 of 20 blocks complete
1 of 20 blocks complete
2 of 20 blocks complete
3 of 20 blocks complete
4 of 20 blocks complete
5 of 20 blocks complete
6 of 20 blocks complete
7 of 20 blocks complete
8 of 20 blocks complete
9 of 20 blocks complete
10 of 20 blocks complete
11 of 20 blocks complete
12 of 20 blocks complete
13 of 20 blocks complete
14 of 20 blocks complete
15 of 20 blocks complete
16 of 20 blocks complete
17 of 20 blocks complete
18 of 20 blocks complete
19 of 20 blocks complete
2.43
[6, 6, 6, 6, 6, 6, 6, 6, 6, 6]
[18, 16, 17, 18, 19, 16, 17, 18, 19, 17]
[4897, 4919, 4920, 4921, 4922, 4943, 4944, 4945, 4946, 4968]
[0.01, 0.09, 0.45, 0.49, 0.04, 0.18, 0.59, 0.53, 0.04, 0.01]
Oldest operating year: 1977.0
Number of active generators: 3079
Supplemental capacity: 1393.0
Capacity removed: 27855
Conventional fleet average capacity: 148380.0
lolh achieved: 2.43
0 of 1000 blocks complete
1 of 1000 blocks complete
2 of 1000 blocks complete
3 of 1000 blocks complete
4 of 1000 blocks complete
5 of 1000 blocks complete
6 of 1000 blocks complete
7 of 1000 blocks complete
8 of 1000 blocks complete
9 of 1000 blocks complete
10 of 1000 blocks complete
11 of 1000 blocks complete
12 of 1000 blocks complete
13 of 1000 blocks complete
14 of 1000 blocks complete
15 of 1000 blocks complete
16 of 1000 blocks complete
17 of 1000 blocks complete
18 of 1000 blocks complete
19 of 1000 blocks complete
20 of 1000 blocks complete
21 of 1000 blocks complete
22 of 1000 blocks complete
23 of 1000 blocks complete
24 of 1000 blocks complete
25 of 1000 blocks complete
26 of 1000 blocks complete
27 of 1000 blocks complete
28 of 1000 blocks complete
29 of 1000 blocks complete
30 of 1000 blocks complete
31 of 1000 blocks complete
32 of 1000 blocks complete
33 of 1000 blocks complete
34 of 1000 blocks complete
35 of 1000 blocks complete
36 of 1000 blocks complete
37 of 1000 blocks complete
38 of 1000 blocks complete
39 of 1000 blocks complete
40 of 1000 blocks complete
41 of 1000 blocks complete
42 of 1000 blocks complete
43 of 1000 blocks complete
44 of 1000 blocks complete
45 of 1000 blocks complete
46 of 1000 blocks complete
47 of 1000 blocks complete
48 of 1000 blocks complete
49 of 1000 blocks complete
50 of 1000 blocks complete
51 of 1000 blocks complete
52 of 1000 blocks complete
53 of 1000 blocks complete
54 of 1000 blocks complete
55 of 1000 blocks complete
56 of 1000 blocks complete
57 of 1000 blocks complete
58 of 1000 blocks complete
59 of 1000 blocks complete
60 of 1000 blocks complete
61 of 1000 blocks complete
62 of 1000 blocks complete
63 of 1000 blocks complete
64 of 1000 blocks complete
65 of 1000 blocks complete
66 of 1000 blocks complete
67 of 1000 blocks complete
68 of 1000 blocks complete
69 of 1000 blocks complete
70 of 1000 blocks complete
71 of 1000 blocks complete
72 of 1000 blocks complete
73 of 1000 blocks complete
74 of 1000 blocks complete
75 of 1000 blocks complete
76 of 1000 blocks complete
77 of 1000 blocks complete
78 of 1000 blocks complete
79 of 1000 blocks complete
80 of 1000 blocks complete
81 of 1000 blocks complete
82 of 1000 blocks complete
83 of 1000 blocks complete
84 of 1000 blocks complete
85 of 1000 blocks complete
86 of 1000 blocks complete
87 of 1000 blocks complete
88 of 1000 blocks complete
89 of 1000 blocks complete
90 of 1000 blocks complete
91 of 1000 blocks complete
92 of 1000 blocks complete
93 of 1000 blocks complete
94 of 1000 blocks complete
95 of 1000 blocks complete
96 of 1000 blocks complete
97 of 1000 blocks complete
98 of 1000 blocks complete
99 of 1000 blocks complete
100 of 1000 blocks complete
101 of 1000 blocks complete
102 of 1000 blocks complete
103 of 1000 blocks complete
104 of 1000 blocks complete
105 of 1000 blocks complete
106 of 1000 blocks complete
107 of 1000 blocks complete
108 of 1000 blocks complete
109 of 1000 blocks complete
110 of 1000 blocks complete
111 of 1000 blocks complete
112 of 1000 blocks complete
113 of 1000 blocks complete
114 of 1000 blocks complete
115 of 1000 blocks complete
116 of 1000 blocks complete
117 of 1000 blocks complete
118 of 1000 blocks complete
119 of 1000 blocks complete
120 of 1000 blocks complete
121 of 1000 blocks complete
122 of 1000 blocks complete
123 of 1000 blocks complete
124 of 1000 blocks complete
125 of 1000 blocks complete
126 of 1000 blocks complete
127 of 1000 blocks complete
128 of 1000 blocks complete
129 of 1000 blocks complete
130 of 1000 blocks complete
131 of 1000 blocks complete
132 of 1000 blocks complete
133 of 1000 blocks complete
134 of 1000 blocks complete
135 of 1000 blocks complete
136 of 1000 blocks complete
137 of 1000 blocks complete
138 of 1000 blocks complete
139 of 1000 blocks complete
140 of 1000 blocks complete
141 of 1000 blocks complete
142 of 1000 blocks complete
143 of 1000 blocks complete
144 of 1000 blocks complete
145 of 1000 blocks complete
146 of 1000 blocks complete
147 of 1000 blocks complete
148 of 1000 blocks complete
149 of 1000 blocks complete
150 of 1000 blocks complete
151 of 1000 blocks complete
152 of 1000 blocks complete
153 of 1000 blocks complete
154 of 1000 blocks complete
155 of 1000 blocks complete
156 of 1000 blocks complete
157 of 1000 blocks complete
158 of 1000 blocks complete
159 of 1000 blocks complete
160 of 1000 blocks complete
161 of 1000 blocks complete
162 of 1000 blocks complete
163 of 1000 blocks complete
164 of 1000 blocks complete
165 of 1000 blocks complete
166 of 1000 blocks complete
167 of 1000 blocks complete
168 of 1000 blocks complete
169 of 1000 blocks complete
170 of 1000 blocks complete
171 of 1000 blocks complete
172 of 1000 blocks complete
173 of 1000 blocks complete
174 of 1000 blocks complete
175 of 1000 blocks complete
176 of 1000 blocks complete
177 of 1000 blocks complete
178 of 1000 blocks complete
179 of 1000 blocks complete
180 of 1000 blocks complete
181 of 1000 blocks complete
182 of 1000 blocks complete
183 of 1000 blocks complete
184 of 1000 blocks complete
185 of 1000 blocks complete
186 of 1000 blocks complete
187 of 1000 blocks complete
188 of 1000 blocks complete
189 of 1000 blocks complete
190 of 1000 blocks complete
191 of 1000 blocks complete
192 of 1000 blocks complete
193 of 1000 blocks complete
194 of 1000 blocks complete
195 of 1000 blocks complete
196 of 1000 blocks complete
197 of 1000 blocks complete
198 of 1000 blocks complete
199 of 1000 blocks complete
200 of 1000 blocks complete
201 of 1000 blocks complete
202 of 1000 blocks complete
203 of 1000 blocks complete
204 of 1000 blocks complete
205 of 1000 blocks complete
206 of 1000 blocks complete
207 of 1000 blocks complete
208 of 1000 blocks complete
209 of 1000 blocks complete
210 of 1000 blocks complete
211 of 1000 blocks complete
212 of 1000 blocks complete
213 of 1000 blocks complete
214 of 1000 blocks complete
215 of 1000 blocks complete
216 of 1000 blocks complete
217 of 1000 blocks complete
218 of 1000 blocks complete
219 of 1000 blocks complete
220 of 1000 blocks complete
221 of 1000 blocks complete
222 of 1000 blocks complete
223 of 1000 blocks complete
224 of 1000 blocks complete
225 of 1000 blocks complete
226 of 1000 blocks complete
227 of 1000 blocks complete
228 of 1000 blocks complete
229 of 1000 blocks complete
230 of 1000 blocks complete
231 of 1000 blocks complete
232 of 1000 blocks complete
233 of 1000 blocks complete
234 of 1000 blocks complete
235 of 1000 blocks complete
236 of 1000 blocks complete
237 of 1000 blocks complete
238 of 1000 blocks complete
239 of 1000 blocks complete
240 of 1000 blocks complete
241 of 1000 blocks complete
242 of 1000 blocks complete
243 of 1000 blocks complete
244 of 1000 blocks complete
245 of 1000 blocks complete
246 of 1000 blocks complete
247 of 1000 blocks complete
248 of 1000 blocks complete
249 of 1000 blocks complete
250 of 1000 blocks complete
251 of 1000 blocks complete
252 of 1000 blocks complete
253 of 1000 blocks complete
254 of 1000 blocks complete
255 of 1000 blocks complete
256 of 1000 blocks complete
257 of 1000 blocks complete
258 of 1000 blocks complete
259 of 1000 blocks complete
260 of 1000 blocks complete
261 of 1000 blocks complete
262 of 1000 blocks complete
263 of 1000 blocks complete
264 of 1000 blocks complete
265 of 1000 blocks complete
266 of 1000 blocks complete
267 of 1000 blocks complete
268 of 1000 blocks complete
269 of 1000 blocks complete
270 of 1000 blocks complete
271 of 1000 blocks complete
272 of 1000 blocks complete
273 of 1000 blocks complete
274 of 1000 blocks complete
275 of 1000 blocks complete
276 of 1000 blocks complete
277 of 1000 blocks complete
278 of 1000 blocks complete
279 of 1000 blocks complete
280 of 1000 blocks complete
281 of 1000 blocks complete
282 of 1000 blocks complete
283 of 1000 blocks complete
284 of 1000 blocks complete
285 of 1000 blocks complete
286 of 1000 blocks complete
287 of 1000 blocks complete
288 of 1000 blocks complete
289 of 1000 blocks complete
290 of 1000 blocks complete
291 of 1000 blocks complete
292 of 1000 blocks complete
293 of 1000 blocks complete
294 of 1000 blocks complete
295 of 1000 blocks complete
296 of 1000 blocks complete
297 of 1000 blocks complete
298 of 1000 blocks complete
299 of 1000 blocks complete
300 of 1000 blocks complete
301 of 1000 blocks complete
302 of 1000 blocks complete
303 of 1000 blocks complete
304 of 1000 blocks complete
305 of 1000 blocks complete
306 of 1000 blocks complete
307 of 1000 blocks complete
308 of 1000 blocks complete
309 of 1000 blocks complete
310 of 1000 blocks complete
311 of 1000 blocks complete
312 of 1000 blocks complete
313 of 1000 blocks complete
314 of 1000 blocks complete
315 of 1000 blocks complete
316 of 1000 blocks complete
317 of 1000 blocks complete
318 of 1000 blocks complete
319 of 1000 blocks complete
320 of 1000 blocks complete
321 of 1000 blocks complete
322 of 1000 blocks complete
323 of 1000 blocks complete
324 of 1000 blocks complete
325 of 1000 blocks complete
326 of 1000 blocks complete
327 of 1000 blocks complete
328 of 1000 blocks complete
329 of 1000 blocks complete
330 of 1000 blocks complete
331 of 1000 blocks complete
332 of 1000 blocks complete
333 of 1000 blocks complete
334 of 1000 blocks complete
335 of 1000 blocks complete
336 of 1000 blocks complete
337 of 1000 blocks complete
338 of 1000 blocks complete
339 of 1000 blocks complete
340 of 1000 blocks complete
341 of 1000 blocks complete
342 of 1000 blocks complete
343 of 1000 blocks complete
344 of 1000 blocks complete
345 of 1000 blocks complete
346 of 1000 blocks complete
347 of 1000 blocks complete
348 of 1000 blocks complete
349 of 1000 blocks complete
350 of 1000 blocks complete
351 of 1000 blocks complete
352 of 1000 blocks complete
353 of 1000 blocks complete
354 of 1000 blocks complete
355 of 1000 blocks complete
356 of 1000 blocks complete
357 of 1000 blocks complete
358 of 1000 blocks complete
359 of 1000 blocks complete
360 of 1000 blocks complete
361 of 1000 blocks complete
362 of 1000 blocks complete
363 of 1000 blocks complete
364 of 1000 blocks complete
365 of 1000 blocks complete
366 of 1000 blocks complete
367 of 1000 blocks complete
368 of 1000 blocks complete
369 of 1000 blocks complete
370 of 1000 blocks complete
371 of 1000 blocks complete
372 of 1000 blocks complete
373 of 1000 blocks complete
374 of 1000 blocks complete
375 of 1000 blocks complete
376 of 1000 blocks complete
377 of 1000 blocks complete
378 of 1000 blocks complete
379 of 1000 blocks complete
380 of 1000 blocks complete
381 of 1000 blocks complete
382 of 1000 blocks complete
383 of 1000 blocks complete
384 of 1000 blocks complete
385 of 1000 blocks complete
386 of 1000 blocks complete
387 of 1000 blocks complete
388 of 1000 blocks complete
389 of 1000 blocks complete
390 of 1000 blocks complete
391 of 1000 blocks complete
392 of 1000 blocks complete
393 of 1000 blocks complete
394 of 1000 blocks complete
395 of 1000 blocks complete
396 of 1000 blocks complete
397 of 1000 blocks complete
398 of 1000 blocks complete
399 of 1000 blocks complete
400 of 1000 blocks complete
401 of 1000 blocks complete
402 of 1000 blocks complete
403 of 1000 blocks complete
404 of 1000 blocks complete
405 of 1000 blocks complete
406 of 1000 blocks complete
407 of 1000 blocks complete
408 of 1000 blocks complete
409 of 1000 blocks complete
410 of 1000 blocks complete
411 of 1000 blocks complete
412 of 1000 blocks complete
413 of 1000 blocks complete
414 of 1000 blocks complete
415 of 1000 blocks complete
416 of 1000 blocks complete
417 of 1000 blocks complete
418 of 1000 blocks complete
419 of 1000 blocks complete
420 of 1000 blocks complete
421 of 1000 blocks complete
422 of 1000 blocks complete
423 of 1000 blocks complete
424 of 1000 blocks complete
425 of 1000 blocks complete
426 of 1000 blocks complete
427 of 1000 blocks complete
428 of 1000 blocks complete
429 of 1000 blocks complete
430 of 1000 blocks complete
431 of 1000 blocks complete
432 of 1000 blocks complete
433 of 1000 blocks complete
434 of 1000 blocks complete
435 of 1000 blocks complete
436 of 1000 blocks complete
437 of 1000 blocks complete
438 of 1000 blocks complete
439 of 1000 blocks complete
440 of 1000 blocks complete
441 of 1000 blocks complete
442 of 1000 blocks complete
443 of 1000 blocks complete
444 of 1000 blocks complete
445 of 1000 blocks complete
446 of 1000 blocks complete
447 of 1000 blocks complete
448 of 1000 blocks complete
449 of 1000 blocks complete
450 of 1000 blocks complete
451 of 1000 blocks complete
452 of 1000 blocks complete
453 of 1000 blocks complete
454 of 1000 blocks complete
455 of 1000 blocks complete
456 of 1000 blocks complete
457 of 1000 blocks complete
458 of 1000 blocks complete
459 of 1000 blocks complete
460 of 1000 blocks complete
461 of 1000 blocks complete
462 of 1000 blocks complete
463 of 1000 blocks complete
464 of 1000 blocks complete
465 of 1000 blocks complete
466 of 1000 blocks complete
467 of 1000 blocks complete
468 of 1000 blocks complete
469 of 1000 blocks complete
470 of 1000 blocks complete
471 of 1000 blocks complete
472 of 1000 blocks complete
473 of 1000 blocks complete
474 of 1000 blocks complete
475 of 1000 blocks complete
476 of 1000 blocks complete
477 of 1000 blocks complete
478 of 1000 blocks complete
479 of 1000 blocks complete
480 of 1000 blocks complete
481 of 1000 blocks complete
482 of 1000 blocks complete
483 of 1000 blocks complete
484 of 1000 blocks complete
485 of 1000 blocks complete
486 of 1000 blocks complete
487 of 1000 blocks complete
488 of 1000 blocks complete
489 of 1000 blocks complete
490 of 1000 blocks complete
491 of 1000 blocks complete
492 of 1000 blocks complete
493 of 1000 blocks complete
494 of 1000 blocks complete
495 of 1000 blocks complete
496 of 1000 blocks complete
497 of 1000 blocks complete
498 of 1000 blocks complete
499 of 1000 blocks complete
500 of 1000 blocks complete
501 of 1000 blocks complete
502 of 1000 blocks complete
503 of 1000 blocks complete
504 of 1000 blocks complete
505 of 1000 blocks complete
506 of 1000 blocks complete
507 of 1000 blocks complete
508 of 1000 blocks complete
509 of 1000 blocks complete
510 of 1000 blocks complete
511 of 1000 blocks complete
512 of 1000 blocks complete
513 of 1000 blocks complete
514 of 1000 blocks complete
515 of 1000 blocks complete
516 of 1000 blocks complete
517 of 1000 blocks complete
518 of 1000 blocks complete
519 of 1000 blocks complete
520 of 1000 blocks complete
521 of 1000 blocks complete
522 of 1000 blocks complete
523 of 1000 blocks complete
524 of 1000 blocks complete
525 of 1000 blocks complete
526 of 1000 blocks complete
527 of 1000 blocks complete
528 of 1000 blocks complete
529 of 1000 blocks complete
530 of 1000 blocks complete
531 of 1000 blocks complete
532 of 1000 blocks complete
533 of 1000 blocks complete
534 of 1000 blocks complete
535 of 1000 blocks complete
536 of 1000 blocks complete
537 of 1000 blocks complete
538 of 1000 blocks complete
539 of 1000 blocks complete
540 of 1000 blocks complete
541 of 1000 blocks complete
542 of 1000 blocks complete
543 of 1000 blocks complete
544 of 1000 blocks complete
545 of 1000 blocks complete
546 of 1000 blocks complete
547 of 1000 blocks complete
548 of 1000 blocks complete
549 of 1000 blocks complete
550 of 1000 blocks complete
551 of 1000 blocks complete
552 of 1000 blocks complete
553 of 1000 blocks complete
554 of 1000 blocks complete
555 of 1000 blocks complete
556 of 1000 blocks complete
557 of 1000 blocks complete
558 of 1000 blocks complete
559 of 1000 blocks complete
560 of 1000 blocks complete
561 of 1000 blocks complete
562 of 1000 blocks complete
563 of 1000 blocks complete
564 of 1000 blocks complete
565 of 1000 blocks complete
566 of 1000 blocks complete
567 of 1000 blocks complete
568 of 1000 blocks complete
569 of 1000 blocks complete
570 of 1000 blocks complete
571 of 1000 blocks complete
572 of 1000 blocks complete
573 of 1000 blocks complete
574 of 1000 blocks complete
575 of 1000 blocks complete
576 of 1000 blocks complete
577 of 1000 blocks complete
578 of 1000 blocks complete
579 of 1000 blocks complete
580 of 1000 blocks complete
581 of 1000 blocks complete
582 of 1000 blocks complete
583 of 1000 blocks complete
584 of 1000 blocks complete
585 of 1000 blocks complete
586 of 1000 blocks complete
587 of 1000 blocks complete
588 of 1000 blocks complete
589 of 1000 blocks complete
590 of 1000 blocks complete
591 of 1000 blocks complete
592 of 1000 blocks complete
593 of 1000 blocks complete
594 of 1000 blocks complete
595 of 1000 blocks complete
596 of 1000 blocks complete
597 of 1000 blocks complete
598 of 1000 blocks complete
599 of 1000 blocks complete
600 of 1000 blocks complete
601 of 1000 blocks complete
602 of 1000 blocks complete
603 of 1000 blocks complete
604 of 1000 blocks complete
605 of 1000 blocks complete
606 of 1000 blocks complete
607 of 1000 blocks complete
608 of 1000 blocks complete
609 of 1000 blocks complete
610 of 1000 blocks complete
611 of 1000 blocks complete
612 of 1000 blocks complete
613 of 1000 blocks complete
614 of 1000 blocks complete
615 of 1000 blocks complete
616 of 1000 blocks complete
617 of 1000 blocks complete
618 of 1000 blocks complete
619 of 1000 blocks complete
620 of 1000 blocks complete
621 of 1000 blocks complete
622 of 1000 blocks complete
623 of 1000 blocks complete
624 of 1000 blocks complete
625 of 1000 blocks complete
626 of 1000 blocks complete
627 of 1000 blocks complete
628 of 1000 blocks complete
629 of 1000 blocks complete
630 of 1000 blocks complete
631 of 1000 blocks complete
632 of 1000 blocks complete
633 of 1000 blocks complete
634 of 1000 blocks complete
635 of 1000 blocks complete
636 of 1000 blocks complete
637 of 1000 blocks complete
638 of 1000 blocks complete
639 of 1000 blocks complete
640 of 1000 blocks complete
641 of 1000 blocks complete
642 of 1000 blocks complete
643 of 1000 blocks complete
644 of 1000 blocks complete
645 of 1000 blocks complete
646 of 1000 blocks complete
647 of 1000 blocks complete
648 of 1000 blocks complete
649 of 1000 blocks complete
650 of 1000 blocks complete
651 of 1000 blocks complete
652 of 1000 blocks complete
653 of 1000 blocks complete
654 of 1000 blocks complete
655 of 1000 blocks complete
656 of 1000 blocks complete
657 of 1000 blocks complete
658 of 1000 blocks complete
659 of 1000 blocks complete
660 of 1000 blocks complete
661 of 1000 blocks complete
662 of 1000 blocks complete
663 of 1000 blocks complete
664 of 1000 blocks complete
665 of 1000 blocks complete
666 of 1000 blocks complete
667 of 1000 blocks complete
668 of 1000 blocks complete
669 of 1000 blocks complete
670 of 1000 blocks complete
671 of 1000 blocks complete
672 of 1000 blocks complete
673 of 1000 blocks complete
674 of 1000 blocks complete
675 of 1000 blocks complete
676 of 1000 blocks complete
677 of 1000 blocks complete
678 of 1000 blocks complete
679 of 1000 blocks complete
680 of 1000 blocks complete
681 of 1000 blocks complete
682 of 1000 blocks complete
683 of 1000 blocks complete
684 of 1000 blocks complete
685 of 1000 blocks complete
686 of 1000 blocks complete
687 of 1000 blocks complete
688 of 1000 blocks complete
689 of 1000 blocks complete
690 of 1000 blocks complete
691 of 1000 blocks complete
692 of 1000 blocks complete
693 of 1000 blocks complete
694 of 1000 blocks complete
695 of 1000 blocks complete
696 of 1000 blocks complete
697 of 1000 blocks complete
698 of 1000 blocks complete
699 of 1000 blocks complete
700 of 1000 blocks complete
701 of 1000 blocks complete
702 of 1000 blocks complete
703 of 1000 blocks complete
704 of 1000 blocks complete
705 of 1000 blocks complete
706 of 1000 blocks complete
707 of 1000 blocks complete
708 of 1000 blocks complete
709 of 1000 blocks complete
710 of 1000 blocks complete
711 of 1000 blocks complete
712 of 1000 blocks complete
713 of 1000 blocks complete
714 of 1000 blocks complete
715 of 1000 blocks complete
716 of 1000 blocks complete
717 of 1000 blocks complete
718 of 1000 blocks complete
719 of 1000 blocks complete
720 of 1000 blocks complete
721 of 1000 blocks complete
722 of 1000 blocks complete
723 of 1000 blocks complete
724 of 1000 blocks complete
725 of 1000 blocks complete
726 of 1000 blocks complete
727 of 1000 blocks complete
728 of 1000 blocks complete
729 of 1000 blocks complete
730 of 1000 blocks complete
731 of 1000 blocks complete
732 of 1000 blocks complete
733 of 1000 blocks complete
734 of 1000 blocks complete
735 of 1000 blocks complete
736 of 1000 blocks complete
737 of 1000 blocks complete
738 of 1000 blocks complete
739 of 1000 blocks complete
740 of 1000 blocks complete
741 of 1000 blocks complete
742 of 1000 blocks complete
743 of 1000 blocks complete
744 of 1000 blocks complete
745 of 1000 blocks complete
746 of 1000 blocks complete
747 of 1000 blocks complete
748 of 1000 blocks complete
749 of 1000 blocks complete
750 of 1000 blocks complete
751 of 1000 blocks complete
752 of 1000 blocks complete
753 of 1000 blocks complete
754 of 1000 blocks complete
755 of 1000 blocks complete
756 of 1000 blocks complete
757 of 1000 blocks complete
758 of 1000 blocks complete
759 of 1000 blocks complete
760 of 1000 blocks complete
761 of 1000 blocks complete
762 of 1000 blocks complete
763 of 1000 blocks complete
764 of 1000 blocks complete
765 of 1000 blocks complete
766 of 1000 blocks complete
767 of 1000 blocks complete
768 of 1000 blocks complete
769 of 1000 blocks complete
770 of 1000 blocks complete
771 of 1000 blocks complete
772 of 1000 blocks complete
773 of 1000 blocks complete
774 of 1000 blocks complete
775 of 1000 blocks complete
776 of 1000 blocks complete
777 of 1000 blocks complete
778 of 1000 blocks complete
779 of 1000 blocks complete
780 of 1000 blocks complete
781 of 1000 blocks complete
782 of 1000 blocks complete
783 of 1000 blocks complete
784 of 1000 blocks complete
785 of 1000 blocks complete
786 of 1000 blocks complete
787 of 1000 blocks complete
788 of 1000 blocks complete
789 of 1000 blocks complete
790 of 1000 blocks complete
791 of 1000 blocks complete
792 of 1000 blocks complete
793 of 1000 blocks complete
794 of 1000 blocks complete
795 of 1000 blocks complete
796 of 1000 blocks complete
797 of 1000 blocks complete
798 of 1000 blocks complete
799 of 1000 blocks complete
800 of 1000 blocks complete
801 of 1000 blocks complete
802 of 1000 blocks complete
803 of 1000 blocks complete
804 of 1000 blocks complete
805 of 1000 blocks complete
806 of 1000 blocks complete
807 of 1000 blocks complete
808 of 1000 blocks complete
809 of 1000 blocks complete
810 of 1000 blocks complete
811 of 1000 blocks complete
812 of 1000 blocks complete
813 of 1000 blocks complete
814 of 1000 blocks complete
815 of 1000 blocks complete
816 of 1000 blocks complete
817 of 1000 blocks complete
818 of 1000 blocks complete
819 of 1000 blocks complete
820 of 1000 blocks complete
821 of 1000 blocks complete
822 of 1000 blocks complete
823 of 1000 blocks complete
824 of 1000 blocks complete
825 of 1000 blocks complete
826 of 1000 blocks complete
827 of 1000 blocks complete
828 of 1000 blocks complete
829 of 1000 blocks complete
830 of 1000 blocks complete
831 of 1000 blocks complete
832 of 1000 blocks complete
833 of 1000 blocks complete
834 of 1000 blocks complete
835 of 1000 blocks complete
836 of 1000 blocks complete
837 of 1000 blocks complete
838 of 1000 blocks complete
839 of 1000 blocks complete
840 of 1000 blocks complete
841 of 1000 blocks complete
842 of 1000 blocks complete
843 of 1000 blocks complete
844 of 1000 blocks complete
845 of 1000 blocks complete
846 of 1000 blocks complete
847 of 1000 blocks complete
848 of 1000 blocks complete
849 of 1000 blocks complete
850 of 1000 blocks complete
851 of 1000 blocks complete
852 of 1000 blocks complete
853 of 1000 blocks complete
854 of 1000 blocks complete
855 of 1000 blocks complete
856 of 1000 blocks complete
857 of 1000 blocks complete
858 of 1000 blocks complete
859 of 1000 blocks complete
860 of 1000 blocks complete
861 of 1000 blocks complete
862 of 1000 blocks complete
863 of 1000 blocks complete
864 of 1000 blocks complete
865 of 1000 blocks complete
866 of 1000 blocks complete
867 of 1000 blocks complete
868 of 1000 blocks complete
869 of 1000 blocks complete
870 of 1000 blocks complete
871 of 1000 blocks complete
872 of 1000 blocks complete
873 of 1000 blocks complete
874 of 1000 blocks complete
875 of 1000 blocks complete
876 of 1000 blocks complete
877 of 1000 blocks complete
878 of 1000 blocks complete
879 of 1000 blocks complete
880 of 1000 blocks complete
881 of 1000 blocks complete
882 of 1000 blocks complete
883 of 1000 blocks complete
884 of 1000 blocks complete
885 of 1000 blocks complete
886 of 1000 blocks complete
887 of 1000 blocks complete
888 of 1000 blocks complete
889 of 1000 blocks complete
890 of 1000 blocks complete
891 of 1000 blocks complete
892 of 1000 blocks complete
893 of 1000 blocks complete
894 of 1000 blocks complete
895 of 1000 blocks complete
896 of 1000 blocks complete
897 of 1000 blocks complete
898 of 1000 blocks complete
899 of 1000 blocks complete
900 of 1000 blocks complete
901 of 1000 blocks complete
902 of 1000 blocks complete
903 of 1000 blocks complete
904 of 1000 blocks complete
905 of 1000 blocks complete
906 of 1000 blocks complete
907 of 1000 blocks complete
908 of 1000 blocks complete
909 of 1000 blocks complete
910 of 1000 blocks complete
911 of 1000 blocks complete
912 of 1000 blocks complete
913 of 1000 blocks complete
914 of 1000 blocks complete
915 of 1000 blocks complete
916 of 1000 blocks complete
917 of 1000 blocks complete
918 of 1000 blocks complete
919 of 1000 blocks complete
920 of 1000 blocks complete
921 of 1000 blocks complete
922 of 1000 blocks complete
923 of 1000 blocks complete
924 of 1000 blocks complete
925 of 1000 blocks complete
926 of 1000 blocks complete
927 of 1000 blocks complete
928 of 1000 blocks complete
929 of 1000 blocks complete
930 of 1000 blocks complete
931 of 1000 blocks complete
932 of 1000 blocks complete
933 of 1000 blocks complete
934 of 1000 blocks complete
935 of 1000 blocks complete
936 of 1000 blocks complete
937 of 1000 blocks complete
938 of 1000 blocks complete
939 of 1000 blocks complete
940 of 1000 blocks complete
941 of 1000 blocks complete
942 of 1000 blocks complete
943 of 1000 blocks complete
944 of 1000 blocks complete
945 of 1000 blocks complete
946 of 1000 blocks complete
947 of 1000 blocks complete
948 of 1000 blocks complete
949 of 1000 blocks complete
950 of 1000 blocks complete
951 of 1000 blocks complete
952 of 1000 blocks complete
953 of 1000 blocks complete
954 of 1000 blocks complete
955 of 1000 blocks complete
956 of 1000 blocks complete
957 of 1000 blocks complete
958 of 1000 blocks complete
959 of 1000 blocks complete
960 of 1000 blocks complete
961 of 1000 blocks complete
962 of 1000 blocks complete
963 of 1000 blocks complete
964 of 1000 blocks complete
965 of 1000 blocks complete
966 of 1000 blocks complete
967 of 1000 blocks complete
968 of 1000 blocks complete
969 of 1000 blocks complete
970 of 1000 blocks complete
971 of 1000 blocks complete
972 of 1000 blocks complete
973 of 1000 blocks complete
974 of 1000 blocks complete
975 of 1000 blocks complete
976 of 1000 blocks complete
977 of 1000 blocks complete
978 of 1000 blocks complete
979 of 1000 blocks complete
980 of 1000 blocks complete
981 of 1000 blocks complete
982 of 1000 blocks complete
983 of 1000 blocks complete
984 of 1000 blocks complete
985 of 1000 blocks complete
986 of 1000 blocks complete
987 of 1000 blocks complete
988 of 1000 blocks complete
989 of 1000 blocks complete
990 of 1000 blocks complete
991 of 1000 blocks complete
992 of 1000 blocks complete
993 of 1000 blocks complete
994 of 1000 blocks complete
995 of 1000 blocks complete
996 of 1000 blocks complete
997 of 1000 blocks complete
998 of 1000 blocks complete
999 of 1000 blocks complete
0 of 1000 blocks complete
1 of 1000 blocks complete
2 of 1000 blocks complete
3 of 1000 blocks complete
4 of 1000 blocks complete
5 of 1000 blocks complete
6 of 1000 blocks complete
7 of 1000 blocks complete
8 of 1000 blocks complete
9 of 1000 blocks complete
10 of 1000 blocks complete
11 of 1000 blocks complete
12 of 1000 blocks complete
13 of 1000 blocks complete
14 of 1000 blocks complete
15 of 1000 blocks complete
16 of 1000 blocks complete
17 of 1000 blocks complete
18 of 1000 blocks complete
19 of 1000 blocks complete
20 of 1000 blocks complete
21 of 1000 blocks complete
22 of 1000 blocks complete
23 of 1000 blocks complete
24 of 1000 blocks complete
25 of 1000 blocks complete
26 of 1000 blocks complete
27 of 1000 blocks complete
28 of 1000 blocks complete
29 of 1000 blocks complete
30 of 1000 blocks complete
31 of 1000 blocks complete
32 of 1000 blocks complete
33 of 1000 blocks complete
34 of 1000 blocks complete
35 of 1000 blocks complete
36 of 1000 blocks complete
37 of 1000 blocks complete
38 of 1000 blocks complete
39 of 1000 blocks complete
40 of 1000 blocks complete
41 of 1000 blocks complete
42 of 1000 blocks complete
43 of 1000 blocks complete
44 of 1000 blocks complete
45 of 1000 blocks complete
46 of 1000 blocks complete
47 of 1000 blocks complete
48 of 1000 blocks complete
49 of 1000 blocks complete
50 of 1000 blocks complete
51 of 1000 blocks complete
52 of 1000 blocks complete
53 of 1000 blocks complete
54 of 1000 blocks complete
55 of 1000 blocks complete
56 of 1000 blocks complete
57 of 1000 blocks complete
58 of 1000 blocks complete
59 of 1000 blocks complete
60 of 1000 blocks complete
61 of 1000 blocks complete
62 of 1000 blocks complete
63 of 1000 blocks complete
64 of 1000 blocks complete
65 of 1000 blocks complete
66 of 1000 blocks complete
67 of 1000 blocks complete
68 of 1000 blocks complete
69 of 1000 blocks complete
70 of 1000 blocks complete
71 of 1000 blocks complete
72 of 1000 blocks complete
73 of 1000 blocks complete
74 of 1000 blocks complete
75 of 1000 blocks complete
76 of 1000 blocks complete
77 of 1000 blocks complete
78 of 1000 blocks complete
79 of 1000 blocks complete
80 of 1000 blocks complete
81 of 1000 blocks complete
82 of 1000 blocks complete
83 of 1000 blocks complete
84 of 1000 blocks complete
85 of 1000 blocks complete
86 of 1000 blocks complete
87 of 1000 blocks complete
88 of 1000 blocks complete
89 of 1000 blocks complete
90 of 1000 blocks complete
91 of 1000 blocks complete
92 of 1000 blocks complete
93 of 1000 blocks complete
94 of 1000 blocks complete
95 of 1000 blocks complete
96 of 1000 blocks complete
97 of 1000 blocks complete
98 of 1000 blocks complete
99 of 1000 blocks complete
100 of 1000 blocks complete
101 of 1000 blocks complete
102 of 1000 blocks complete
103 of 1000 blocks complete
104 of 1000 blocks complete
105 of 1000 blocks complete
106 of 1000 blocks complete
107 of 1000 blocks complete
108 of 1000 blocks complete
109 of 1000 blocks complete
110 of 1000 blocks complete
111 of 1000 blocks complete
112 of 1000 blocks complete
113 of 1000 blocks complete
114 of 1000 blocks complete
115 of 1000 blocks complete
116 of 1000 blocks complete
117 of 1000 blocks complete
118 of 1000 blocks complete
119 of 1000 blocks complete
120 of 1000 blocks complete
121 of 1000 blocks complete
122 of 1000 blocks complete
123 of 1000 blocks complete
124 of 1000 blocks complete
125 of 1000 blocks complete
126 of 1000 blocks complete
127 of 1000 blocks complete
128 of 1000 blocks complete
129 of 1000 blocks complete
130 of 1000 blocks complete
131 of 1000 blocks complete
132 of 1000 blocks complete
133 of 1000 blocks complete
134 of 1000 blocks complete
135 of 1000 blocks complete
136 of 1000 blocks complete
137 of 1000 blocks complete
138 of 1000 blocks complete
139 of 1000 blocks complete
140 of 1000 blocks complete
141 of 1000 blocks complete
142 of 1000 blocks complete
143 of 1000 blocks complete
144 of 1000 blocks complete
145 of 1000 blocks complete
146 of 1000 blocks complete
147 of 1000 blocks complete
148 of 1000 blocks complete
149 of 1000 blocks complete
150 of 1000 blocks complete
151 of 1000 blocks complete
152 of 1000 blocks complete
153 of 1000 blocks complete
154 of 1000 blocks complete
155 of 1000 blocks complete
156 of 1000 blocks complete
157 of 1000 blocks complete
158 of 1000 blocks complete
159 of 1000 blocks complete
160 of 1000 blocks complete
161 of 1000 blocks complete
162 of 1000 blocks complete
163 of 1000 blocks complete
164 of 1000 blocks complete
165 of 1000 blocks complete
166 of 1000 blocks complete
167 of 1000 blocks complete
168 of 1000 blocks complete
169 of 1000 blocks complete
170 of 1000 blocks complete
171 of 1000 blocks complete
172 of 1000 blocks complete
173 of 1000 blocks complete
174 of 1000 blocks complete
175 of 1000 blocks complete
176 of 1000 blocks complete
177 of 1000 blocks complete
178 of 1000 blocks complete
179 of 1000 blocks complete
180 of 1000 blocks complete
181 of 1000 blocks complete
182 of 1000 blocks complete
183 of 1000 blocks complete
184 of 1000 blocks complete
185 of 1000 blocks complete
186 of 1000 blocks complete
187 of 1000 blocks complete
188 of 1000 blocks complete
189 of 1000 blocks complete
190 of 1000 blocks complete
191 of 1000 blocks complete
192 of 1000 blocks complete
193 of 1000 blocks complete
194 of 1000 blocks complete
195 of 1000 blocks complete
196 of 1000 blocks complete
197 of 1000 blocks complete
198 of 1000 blocks complete
199 of 1000 blocks complete
200 of 1000 blocks complete
201 of 1000 blocks complete
202 of 1000 blocks complete
203 of 1000 blocks complete
204 of 1000 blocks complete
205 of 1000 blocks complete
206 of 1000 blocks complete
207 of 1000 blocks complete
208 of 1000 blocks complete
209 of 1000 blocks complete
210 of 1000 blocks complete
211 of 1000 blocks complete
212 of 1000 blocks complete
213 of 1000 blocks complete
214 of 1000 blocks complete
215 of 1000 blocks complete
216 of 1000 blocks complete
217 of 1000 blocks complete
218 of 1000 blocks complete
219 of 1000 blocks complete
220 of 1000 blocks complete
221 of 1000 blocks complete
222 of 1000 blocks complete
223 of 1000 blocks complete
224 of 1000 blocks complete
225 of 1000 blocks complete
226 of 1000 blocks complete
227 of 1000 blocks complete
228 of 1000 blocks complete
229 of 1000 blocks complete
230 of 1000 blocks complete
231 of 1000 blocks complete
232 of 1000 blocks complete
233 of 1000 blocks complete
234 of 1000 blocks complete
235 of 1000 blocks complete
236 of 1000 blocks complete
237 of 1000 blocks complete
238 of 1000 blocks complete
239 of 1000 blocks complete
240 of 1000 blocks complete
241 of 1000 blocks complete
242 of 1000 blocks complete
243 of 1000 blocks complete
244 of 1000 blocks complete
245 of 1000 blocks complete
246 of 1000 blocks complete
247 of 1000 blocks complete
248 of 1000 blocks complete
249 of 1000 blocks complete
250 of 1000 blocks complete
251 of 1000 blocks complete
252 of 1000 blocks complete
253 of 1000 blocks complete
254 of 1000 blocks complete
255 of 1000 blocks complete
256 of 1000 blocks complete
257 of 1000 blocks complete
258 of 1000 blocks complete
259 of 1000 blocks complete
260 of 1000 blocks complete
261 of 1000 blocks complete
262 of 1000 blocks complete
263 of 1000 blocks complete
264 of 1000 blocks complete
265 of 1000 blocks complete
266 of 1000 blocks complete
267 of 1000 blocks complete
268 of 1000 blocks complete
269 of 1000 blocks complete
270 of 1000 blocks complete
271 of 1000 blocks complete
272 of 1000 blocks complete
273 of 1000 blocks complete
274 of 1000 blocks complete
275 of 1000 blocks complete
276 of 1000 blocks complete
277 of 1000 blocks complete
278 of 1000 blocks complete
279 of 1000 blocks complete
280 of 1000 blocks complete
281 of 1000 blocks complete
282 of 1000 blocks complete
283 of 1000 blocks complete
284 of 1000 blocks complete
285 of 1000 blocks complete
286 of 1000 blocks complete
287 of 1000 blocks complete
288 of 1000 blocks complete
289 of 1000 blocks complete
290 of 1000 blocks complete
291 of 1000 blocks complete
292 of 1000 blocks complete
293 of 1000 blocks complete
294 of 1000 blocks complete
295 of 1000 blocks complete
296 of 1000 blocks complete
297 of 1000 blocks complete
298 of 1000 blocks complete
299 of 1000 blocks complete
300 of 1000 blocks complete
301 of 1000 blocks complete
302 of 1000 blocks complete
303 of 1000 blocks complete
304 of 1000 blocks complete
305 of 1000 blocks complete
306 of 1000 blocks complete
307 of 1000 blocks complete
308 of 1000 blocks complete
309 of 1000 blocks complete
310 of 1000 blocks complete
311 of 1000 blocks complete
312 of 1000 blocks complete
313 of 1000 blocks complete
314 of 1000 blocks complete
315 of 1000 blocks complete
316 of 1000 blocks complete
317 of 1000 blocks complete
318 of 1000 blocks complete
319 of 1000 blocks complete
320 of 1000 blocks complete
321 of 1000 blocks complete
322 of 1000 blocks complete
323 of 1000 blocks complete
324 of 1000 blocks complete
325 of 1000 blocks complete
326 of 1000 blocks complete
327 of 1000 blocks complete
328 of 1000 blocks complete
329 of 1000 blocks complete
330 of 1000 blocks complete
331 of 1000 blocks complete
332 of 1000 blocks complete
333 of 1000 blocks complete
334 of 1000 blocks complete
335 of 1000 blocks complete
336 of 1000 blocks complete
337 of 1000 blocks complete
338 of 1000 blocks complete
339 of 1000 blocks complete
340 of 1000 blocks complete
341 of 1000 blocks complete
342 of 1000 blocks complete
343 of 1000 blocks complete
344 of 1000 blocks complete
345 of 1000 blocks complete
346 of 1000 blocks complete
347 of 1000 blocks complete
348 of 1000 blocks complete
349 of 1000 blocks complete
350 of 1000 blocks complete
351 of 1000 blocks complete
352 of 1000 blocks complete
353 of 1000 blocks complete
354 of 1000 blocks complete
355 of 1000 blocks complete
356 of 1000 blocks complete
357 of 1000 blocks complete
358 of 1000 blocks complete
359 of 1000 blocks complete
360 of 1000 blocks complete
361 of 1000 blocks complete
362 of 1000 blocks complete
363 of 1000 blocks complete
364 of 1000 blocks complete
365 of 1000 blocks complete
366 of 1000 blocks complete
367 of 1000 blocks complete
368 of 1000 blocks complete
369 of 1000 blocks complete
370 of 1000 blocks complete
371 of 1000 blocks complete
372 of 1000 blocks complete
373 of 1000 blocks complete
374 of 1000 blocks complete
375 of 1000 blocks complete
376 of 1000 blocks complete
377 of 1000 blocks complete
378 of 1000 blocks complete
379 of 1000 blocks complete
380 of 1000 blocks complete
381 of 1000 blocks complete
382 of 1000 blocks complete
383 of 1000 blocks complete
384 of 1000 blocks complete
385 of 1000 blocks complete
386 of 1000 blocks complete
387 of 1000 blocks complete
388 of 1000 blocks complete
389 of 1000 blocks complete
390 of 1000 blocks complete
391 of 1000 blocks complete
392 of 1000 blocks complete
393 of 1000 blocks complete
394 of 1000 blocks complete
395 of 1000 blocks complete
396 of 1000 blocks complete
397 of 1000 blocks complete
398 of 1000 blocks complete
399 of 1000 blocks complete
400 of 1000 blocks complete
401 of 1000 blocks complete
402 of 1000 blocks complete
403 of 1000 blocks complete
404 of 1000 blocks complete
405 of 1000 blocks complete
406 of 1000 blocks complete
407 of 1000 blocks complete
408 of 1000 blocks complete
409 of 1000 blocks complete
410 of 1000 blocks complete
411 of 1000 blocks complete
412 of 1000 blocks complete
413 of 1000 blocks complete
414 of 1000 blocks complete
415 of 1000 blocks complete
416 of 1000 blocks complete
417 of 1000 blocks complete
418 of 1000 blocks complete
419 of 1000 blocks complete
420 of 1000 blocks complete
421 of 1000 blocks complete
422 of 1000 blocks complete
423 of 1000 blocks complete
424 of 1000 blocks complete
425 of 1000 blocks complete
426 of 1000 blocks complete
427 of 1000 blocks complete
428 of 1000 blocks complete
429 of 1000 blocks complete
430 of 1000 blocks complete
431 of 1000 blocks complete
432 of 1000 blocks complete
433 of 1000 blocks complete
434 of 1000 blocks complete
435 of 1000 blocks complete
436 of 1000 blocks complete
437 of 1000 blocks complete
438 of 1000 blocks complete
439 of 1000 blocks complete
440 of 1000 blocks complete
441 of 1000 blocks complete
442 of 1000 blocks complete
443 of 1000 blocks complete
444 of 1000 blocks complete
445 of 1000 blocks complete
446 of 1000 blocks complete
447 of 1000 blocks complete
448 of 1000 blocks complete
449 of 1000 blocks complete
450 of 1000 blocks complete
451 of 1000 blocks complete
452 of 1000 blocks complete
453 of 1000 blocks complete
454 of 1000 blocks complete
455 of 1000 blocks complete
456 of 1000 blocks complete
457 of 1000 blocks complete
458 of 1000 blocks complete
459 of 1000 blocks complete
460 of 1000 blocks complete
461 of 1000 blocks complete
462 of 1000 blocks complete
463 of 1000 blocks complete
464 of 1000 blocks complete
465 of 1000 blocks complete
466 of 1000 blocks complete
467 of 1000 blocks complete
468 of 1000 blocks complete
469 of 1000 blocks complete
470 of 1000 blocks complete
471 of 1000 blocks complete
472 of 1000 blocks complete
473 of 1000 blocks complete
474 of 1000 blocks complete
475 of 1000 blocks complete
476 of 1000 blocks complete
477 of 1000 blocks complete
478 of 1000 blocks complete
479 of 1000 blocks complete
480 of 1000 blocks complete
481 of 1000 blocks complete
482 of 1000 blocks complete
483 of 1000 blocks complete
484 of 1000 blocks complete
485 of 1000 blocks complete
486 of 1000 blocks complete
487 of 1000 blocks complete
488 of 1000 blocks complete
489 of 1000 blocks complete
490 of 1000 blocks complete
491 of 1000 blocks complete
492 of 1000 blocks complete
493 of 1000 blocks complete
494 of 1000 blocks complete
495 of 1000 blocks complete
496 of 1000 blocks complete
497 of 1000 blocks complete
498 of 1000 blocks complete
499 of 1000 blocks complete
500 of 1000 blocks complete
501 of 1000 blocks complete
502 of 1000 blocks complete
503 of 1000 blocks complete
504 of 1000 blocks complete
505 of 1000 blocks complete
506 of 1000 blocks complete
507 of 1000 blocks complete
508 of 1000 blocks complete
509 of 1000 blocks complete
510 of 1000 blocks complete
511 of 1000 blocks complete
512 of 1000 blocks complete
513 of 1000 blocks complete
514 of 1000 blocks complete
515 of 1000 blocks complete
516 of 1000 blocks complete
517 of 1000 blocks complete
518 of 1000 blocks complete
519 of 1000 blocks complete
520 of 1000 blocks complete
521 of 1000 blocks complete
522 of 1000 blocks complete
523 of 1000 blocks complete
524 of 1000 blocks complete
525 of 1000 blocks complete
526 of 1000 blocks complete
527 of 1000 blocks complete
528 of 1000 blocks complete
529 of 1000 blocks complete
530 of 1000 blocks complete
531 of 1000 blocks complete
532 of 1000 blocks complete
533 of 1000 blocks complete
534 of 1000 blocks complete
535 of 1000 blocks complete
536 of 1000 blocks complete
537 of 1000 blocks complete
538 of 1000 blocks complete
539 of 1000 blocks complete
540 of 1000 blocks complete
541 of 1000 blocks complete
542 of 1000 blocks complete
543 of 1000 blocks complete
544 of 1000 blocks complete
545 of 1000 blocks complete
546 of 1000 blocks complete
547 of 1000 blocks complete
548 of 1000 blocks complete
549 of 1000 blocks complete
550 of 1000 blocks complete
551 of 1000 blocks complete
552 of 1000 blocks complete
553 of 1000 blocks complete
554 of 1000 blocks complete
555 of 1000 blocks complete
556 of 1000 blocks complete
557 of 1000 blocks complete
558 of 1000 blocks complete
559 of 1000 blocks complete
560 of 1000 blocks complete
561 of 1000 blocks complete
562 of 1000 blocks complete
563 of 1000 blocks complete
564 of 1000 blocks complete
565 of 1000 blocks complete
566 of 1000 blocks complete
567 of 1000 blocks complete
568 of 1000 blocks complete
569 of 1000 blocks complete
570 of 1000 blocks complete
571 of 1000 blocks complete
572 of 1000 blocks complete
573 of 1000 blocks complete
574 of 1000 blocks complete
575 of 1000 blocks complete
576 of 1000 blocks complete
577 of 1000 blocks complete
578 of 1000 blocks complete
579 of 1000 blocks complete
580 of 1000 blocks complete
581 of 1000 blocks complete
582 of 1000 blocks complete
583 of 1000 blocks complete
584 of 1000 blocks complete
585 of 1000 blocks complete
586 of 1000 blocks complete
587 of 1000 blocks complete
588 of 1000 blocks complete
589 of 1000 blocks complete
590 of 1000 blocks complete
591 of 1000 blocks complete
592 of 1000 blocks complete
593 of 1000 blocks complete
594 of 1000 blocks complete
595 of 1000 blocks complete
596 of 1000 blocks complete
597 of 1000 blocks complete
598 of 1000 blocks complete
599 of 1000 blocks complete
600 of 1000 blocks complete
601 of 1000 blocks complete
602 of 1000 blocks complete
603 of 1000 blocks complete
604 of 1000 blocks complete
605 of 1000 blocks complete
606 of 1000 blocks complete
607 of 1000 blocks complete
608 of 1000 blocks complete
609 of 1000 blocks complete
610 of 1000 blocks complete
611 of 1000 blocks complete
612 of 1000 blocks complete
613 of 1000 blocks complete
614 of 1000 blocks complete
615 of 1000 blocks complete
616 of 1000 blocks complete
617 of 1000 blocks complete
618 of 1000 blocks complete
619 of 1000 blocks complete
620 of 1000 blocks complete
621 of 1000 blocks complete
622 of 1000 blocks complete
623 of 1000 blocks complete
624 of 1000 blocks complete
625 of 1000 blocks complete
626 of 1000 blocks complete
627 of 1000 blocks complete
628 of 1000 blocks complete
629 of 1000 blocks complete
630 of 1000 blocks complete
631 of 1000 blocks complete
632 of 1000 blocks complete
633 of 1000 blocks complete
634 of 1000 blocks complete
635 of 1000 blocks complete
636 of 1000 blocks complete
637 of 1000 blocks complete
638 of 1000 blocks complete
639 of 1000 blocks complete
640 of 1000 blocks complete
641 of 1000 blocks complete
642 of 1000 blocks complete
643 of 1000 blocks complete
644 of 1000 blocks complete
645 of 1000 blocks complete
646 of 1000 blocks complete
647 of 1000 blocks complete
648 of 1000 blocks complete
649 of 1000 blocks complete
650 of 1000 blocks complete
651 of 1000 blocks complete
652 of 1000 blocks complete
653 of 1000 blocks complete
654 of 1000 blocks complete
655 of 1000 blocks complete
656 of 1000 blocks complete
657 of 1000 blocks complete
658 of 1000 blocks complete
659 of 1000 blocks complete
660 of 1000 blocks complete
661 of 1000 blocks complete
662 of 1000 blocks complete
663 of 1000 blocks complete
664 of 1000 blocks complete
665 of 1000 blocks complete
666 of 1000 blocks complete
667 of 1000 blocks complete
668 of 1000 blocks complete
669 of 1000 blocks complete
670 of 1000 blocks complete
671 of 1000 blocks complete
672 of 1000 blocks complete
673 of 1000 blocks complete
674 of 1000 blocks complete
675 of 1000 blocks complete
676 of 1000 blocks complete
677 of 1000 blocks complete
678 of 1000 blocks complete
679 of 1000 blocks complete
680 of 1000 blocks complete
681 of 1000 blocks complete
682 of 1000 blocks complete
683 of 1000 blocks complete
684 of 1000 blocks complete
685 of 1000 blocks complete
686 of 1000 blocks complete
687 of 1000 blocks complete
688 of 1000 blocks complete
689 of 1000 blocks complete
690 of 1000 blocks complete
691 of 1000 blocks complete
692 of 1000 blocks complete
693 of 1000 blocks complete
694 of 1000 blocks complete
695 of 1000 blocks complete
696 of 1000 blocks complete
697 of 1000 blocks complete
698 of 1000 blocks complete
699 of 1000 blocks complete
700 of 1000 blocks complete
701 of 1000 blocks complete
702 of 1000 blocks complete
703 of 1000 blocks complete
704 of 1000 blocks complete
705 of 1000 blocks complete
706 of 1000 blocks complete
707 of 1000 blocks complete
708 of 1000 blocks complete
709 of 1000 blocks complete
710 of 1000 blocks complete
711 of 1000 blocks complete
712 of 1000 blocks complete
713 of 1000 blocks complete
714 of 1000 blocks complete
715 of 1000 blocks complete
716 of 1000 blocks complete
717 of 1000 blocks complete
718 of 1000 blocks complete
719 of 1000 blocks complete
720 of 1000 blocks complete
721 of 1000 blocks complete
722 of 1000 blocks complete
723 of 1000 blocks complete
724 of 1000 blocks complete
725 of 1000 blocks complete
726 of 1000 blocks complete
727 of 1000 blocks complete
728 of 1000 blocks complete
729 of 1000 blocks complete
730 of 1000 blocks complete
731 of 1000 blocks complete
732 of 1000 blocks complete
733 of 1000 blocks complete
734 of 1000 blocks complete
735 of 1000 blocks complete
736 of 1000 blocks complete
737 of 1000 blocks complete
738 of 1000 blocks complete
739 of 1000 blocks complete
740 of 1000 blocks complete
741 of 1000 blocks complete
742 of 1000 blocks complete
743 of 1000 blocks complete
744 of 1000 blocks complete
745 of 1000 blocks complete
746 of 1000 blocks complete
747 of 1000 blocks complete
748 of 1000 blocks complete
749 of 1000 blocks complete
750 of 1000 blocks complete
751 of 1000 blocks complete
752 of 1000 blocks complete
753 of 1000 blocks complete
754 of 1000 blocks complete
755 of 1000 blocks complete
756 of 1000 blocks complete
757 of 1000 blocks complete
758 of 1000 blocks complete
759 of 1000 blocks complete
760 of 1000 blocks complete
761 of 1000 blocks complete
762 of 1000 blocks complete
763 of 1000 blocks complete
764 of 1000 blocks complete
765 of 1000 blocks complete
766 of 1000 blocks complete
767 of 1000 blocks complete
768 of 1000 blocks complete
769 of 1000 blocks complete
770 of 1000 blocks complete
771 of 1000 blocks complete
772 of 1000 blocks complete
773 of 1000 blocks complete
774 of 1000 blocks complete
775 of 1000 blocks complete
776 of 1000 blocks complete
777 of 1000 blocks complete
778 of 1000 blocks complete
779 of 1000 blocks complete
780 of 1000 blocks complete
781 of 1000 blocks complete
782 of 1000 blocks complete
783 of 1000 blocks complete
784 of 1000 blocks complete
785 of 1000 blocks complete
786 of 1000 blocks complete
787 of 1000 blocks complete
788 of 1000 blocks complete
789 of 1000 blocks complete
790 of 1000 blocks complete
791 of 1000 blocks complete
792 of 1000 blocks complete
793 of 1000 blocks complete
794 of 1000 blocks complete
795 of 1000 blocks complete
796 of 1000 blocks complete
797 of 1000 blocks complete
798 of 1000 blocks complete
799 of 1000 blocks complete
800 of 1000 blocks complete
801 of 1000 blocks complete
802 of 1000 blocks complete
803 of 1000 blocks complete
804 of 1000 blocks complete
805 of 1000 blocks complete
806 of 1000 blocks complete
807 of 1000 blocks complete
808 of 1000 blocks complete
809 of 1000 blocks complete
810 of 1000 blocks complete
811 of 1000 blocks complete
812 of 1000 blocks complete
813 of 1000 blocks complete
814 of 1000 blocks complete
815 of 1000 blocks complete
816 of 1000 blocks complete
817 of 1000 blocks complete
818 of 1000 blocks complete
819 of 1000 blocks complete
820 of 1000 blocks complete
821 of 1000 blocks complete
822 of 1000 blocks complete
823 of 1000 blocks complete
824 of 1000 blocks complete
825 of 1000 blocks complete
826 of 1000 blocks complete
827 of 1000 blocks complete
828 of 1000 blocks complete
829 of 1000 blocks complete
830 of 1000 blocks complete
831 of 1000 blocks complete
832 of 1000 blocks complete
833 of 1000 blocks complete
834 of 1000 blocks complete
835 of 1000 blocks complete
836 of 1000 blocks complete
837 of 1000 blocks complete
838 of 1000 blocks complete
839 of 1000 blocks complete
840 of 1000 blocks complete
841 of 1000 blocks complete
842 of 1000 blocks complete
843 of 1000 blocks complete
844 of 1000 blocks complete
845 of 1000 blocks complete
846 of 1000 blocks complete
847 of 1000 blocks complete
848 of 1000 blocks complete
849 of 1000 blocks complete
850 of 1000 blocks complete
851 of 1000 blocks complete
852 of 1000 blocks complete
853 of 1000 blocks complete
854 of 1000 blocks complete
855 of 1000 blocks complete
856 of 1000 blocks complete
857 of 1000 blocks complete
858 of 1000 blocks complete
859 of 1000 blocks complete
860 of 1000 blocks complete
861 of 1000 blocks complete
862 of 1000 blocks complete
863 of 1000 blocks complete
864 of 1000 blocks complete
865 of 1000 blocks complete
866 of 1000 blocks complete
867 of 1000 blocks complete
868 of 1000 blocks complete
869 of 1000 blocks complete
870 of 1000 blocks complete
871 of 1000 blocks complete
872 of 1000 blocks complete
873 of 1000 blocks complete
874 of 1000 blocks complete
875 of 1000 blocks complete
876 of 1000 blocks complete
877 of 1000 blocks complete
878 of 1000 blocks complete
879 of 1000 blocks complete
880 of 1000 blocks complete
881 of 1000 blocks complete
882 of 1000 blocks complete
883 of 1000 blocks complete
884 of 1000 blocks complete
885 of 1000 blocks complete
886 of 1000 blocks complete
887 of 1000 blocks complete
888 of 1000 blocks complete
889 of 1000 blocks complete
890 of 1000 blocks complete
891 of 1000 blocks complete
892 of 1000 blocks complete
893 of 1000 blocks complete
894 of 1000 blocks complete
895 of 1000 blocks complete
896 of 1000 blocks complete
897 of 1000 blocks complete
898 of 1000 blocks complete
899 of 1000 blocks complete
900 of 1000 blocks complete
901 of 1000 blocks complete
902 of 1000 blocks complete
903 of 1000 blocks complete
904 of 1000 blocks complete
905 of 1000 blocks complete
906 of 1000 blocks complete
907 of 1000 blocks complete
908 of 1000 blocks complete
909 of 1000 blocks complete
910 of 1000 blocks complete
911 of 1000 blocks complete
912 of 1000 blocks complete
913 of 1000 blocks complete
914 of 1000 blocks complete
915 of 1000 blocks complete
916 of 1000 blocks complete
917 of 1000 blocks complete
918 of 1000 blocks complete
919 of 1000 blocks complete
920 of 1000 blocks complete
921 of 1000 blocks complete
922 of 1000 blocks complete
923 of 1000 blocks complete
924 of 1000 blocks complete
925 of 1000 blocks complete
926 of 1000 blocks complete
927 of 1000 blocks complete
928 of 1000 blocks complete
929 of 1000 blocks complete
930 of 1000 blocks complete
931 of 1000 blocks complete
932 of 1000 blocks complete
933 of 1000 blocks complete
934 of 1000 blocks complete
935 of 1000 blocks complete
936 of 1000 blocks complete
937 of 1000 blocks complete
938 of 1000 blocks complete
939 of 1000 blocks complete
940 of 1000 blocks complete
941 of 1000 blocks complete
942 of 1000 blocks complete
943 of 1000 blocks complete
944 of 1000 blocks complete
945 of 1000 blocks complete
946 of 1000 blocks complete
947 of 1000 blocks complete
948 of 1000 blocks complete
949 of 1000 blocks complete
950 of 1000 blocks complete
951 of 1000 blocks complete
952 of 1000 blocks complete
953 of 1000 blocks complete
954 of 1000 blocks complete
955 of 1000 blocks complete
956 of 1000 blocks complete
957 of 1000 blocks complete
958 of 1000 blocks complete
959 of 1000 blocks complete
960 of 1000 blocks complete
961 of 1000 blocks complete
962 of 1000 blocks complete
963 of 1000 blocks complete
964 of 1000 blocks complete
965 of 1000 blocks complete
966 of 1000 blocks complete
967 of 1000 blocks complete
968 of 1000 blocks complete
969 of 1000 blocks complete
970 of 1000 blocks complete
971 of 1000 blocks complete
972 of 1000 blocks complete
973 of 1000 blocks complete
974 of 1000 blocks complete
975 of 1000 blocks complete
976 of 1000 blocks complete
977 of 1000 blocks complete
978 of 1000 blocks complete
979 of 1000 blocks complete
980 of 1000 blocks complete
981 of 1000 blocks complete
982 of 1000 blocks complete
983 of 1000 blocks complete
984 of 1000 blocks complete
985 of 1000 blocks complete
986 of 1000 blocks complete
987 of 1000 blocks complete
988 of 1000 blocks complete
989 of 1000 blocks complete
990 of 1000 blocks complete
991 of 1000 blocks complete
992 of 1000 blocks complete
993 of 1000 blocks complete
994 of 1000 blocks complete
995 of 1000 blocks complete
996 of 1000 blocks complete
997 of 1000 blocks complete
998 of 1000 blocks complete
999 of 1000 blocks complete
0 of 200 blocks complete
1 of 200 blocks complete
2 of 200 blocks complete
3 of 200 blocks complete
4 of 200 blocks complete
5 of 200 blocks complete
6 of 200 blocks complete
7 of 200 blocks complete
8 of 200 blocks complete
9 of 200 blocks complete
10 of 200 blocks complete
11 of 200 blocks complete
12 of 200 blocks complete
13 of 200 blocks complete
14 of 200 blocks complete
15 of 200 blocks complete
16 of 200 blocks complete
17 of 200 blocks complete
18 of 200 blocks complete
19 of 200 blocks complete
20 of 200 blocks complete
21 of 200 blocks complete
22 of 200 blocks complete
23 of 200 blocks complete
24 of 200 blocks complete
25 of 200 blocks complete
26 of 200 blocks complete
27 of 200 blocks complete
28 of 200 blocks complete
29 of 200 blocks complete
30 of 200 blocks complete
31 of 200 blocks complete
32 of 200 blocks complete
33 of 200 blocks complete
34 of 200 blocks complete
35 of 200 blocks complete
36 of 200 blocks complete
37 of 200 blocks complete
38 of 200 blocks complete
39 of 200 blocks complete
40 of 200 blocks complete
41 of 200 blocks complete
42 of 200 blocks complete
43 of 200 blocks complete
44 of 200 blocks complete
45 of 200 blocks complete
46 of 200 blocks complete
47 of 200 blocks complete
48 of 200 blocks complete
49 of 200 blocks complete
50 of 200 blocks complete
51 of 200 blocks complete
52 of 200 blocks complete
53 of 200 blocks complete
54 of 200 blocks complete
55 of 200 blocks complete
56 of 200 blocks complete
57 of 200 blocks complete
58 of 200 blocks complete
59 of 200 blocks complete
60 of 200 blocks complete
61 of 200 blocks complete
62 of 200 blocks complete
63 of 200 blocks complete
64 of 200 blocks complete
65 of 200 blocks complete
66 of 200 blocks complete
67 of 200 blocks complete
68 of 200 blocks complete
69 of 200 blocks complete
70 of 200 blocks complete
71 of 200 blocks complete
72 of 200 blocks complete
73 of 200 blocks complete
74 of 200 blocks complete
75 of 200 blocks complete
76 of 200 blocks complete
77 of 200 blocks complete
78 of 200 blocks complete
79 of 200 blocks complete
80 of 200 blocks complete
81 of 200 blocks complete
82 of 200 blocks complete
83 of 200 blocks complete
84 of 200 blocks complete
85 of 200 blocks complete
86 of 200 blocks complete
87 of 200 blocks complete
88 of 200 blocks complete
89 of 200 blocks complete
90 of 200 blocks complete
91 of 200 blocks complete
92 of 200 blocks complete
93 of 200 blocks complete
94 of 200 blocks complete
95 of 200 blocks complete
96 of 200 blocks complete
97 of 200 blocks complete
98 of 200 blocks complete
99 of 200 blocks complete
100 of 200 blocks complete
101 of 200 blocks complete
102 of 200 blocks complete
103 of 200 blocks complete
104 of 200 blocks complete
105 of 200 blocks complete
106 of 200 blocks complete
107 of 200 blocks complete
108 of 200 blocks complete
109 of 200 blocks complete
110 of 200 blocks complete
111 of 200 blocks complete
112 of 200 blocks complete
113 of 200 blocks complete
114 of 200 blocks complete
115 of 200 blocks complete
116 of 200 blocks complete
117 of 200 blocks complete
118 of 200 blocks complete
119 of 200 blocks complete
120 of 200 blocks complete
121 of 200 blocks complete
122 of 200 blocks complete
123 of 200 blocks complete
124 of 200 blocks complete
125 of 200 blocks complete
126 of 200 blocks complete
127 of 200 blocks complete
128 of 200 blocks complete
129 of 200 blocks complete
130 of 200 blocks complete
131 of 200 blocks complete
132 of 200 blocks complete
133 of 200 blocks complete
134 of 200 blocks complete
135 of 200 blocks complete
136 of 200 blocks complete
137 of 200 blocks complete
138 of 200 blocks complete
139 of 200 blocks complete
140 of 200 blocks complete
141 of 200 blocks complete
142 of 200 blocks complete
143 of 200 blocks complete
144 of 200 blocks complete
145 of 200 blocks complete
146 of 200 blocks complete
147 of 200 blocks complete
148 of 200 blocks complete
149 of 200 blocks complete
150 of 200 blocks complete
151 of 200 blocks complete
152 of 200 blocks complete
153 of 200 blocks complete
154 of 200 blocks complete
155 of 200 blocks complete
156 of 200 blocks complete
157 of 200 blocks complete
158 of 200 blocks complete
159 of 200 blocks complete
160 of 200 blocks complete
161 of 200 blocks complete
162 of 200 blocks complete
163 of 200 blocks complete
164 of 200 blocks complete
165 of 200 blocks complete
166 of 200 blocks complete
167 of 200 blocks complete
168 of 200 blocks complete
169 of 200 blocks complete
170 of 200 blocks complete
171 of 200 blocks complete
172 of 200 blocks complete
173 of 200 blocks complete
174 of 200 blocks complete
175 of 200 blocks complete
176 of 200 blocks complete
177 of 200 blocks complete
178 of 200 blocks complete
179 of 200 blocks complete
180 of 200 blocks complete
181 of 200 blocks complete
182 of 200 blocks complete
183 of 200 blocks complete
184 of 200 blocks complete
185 of 200 blocks complete
186 of 200 blocks complete
187 of 200 blocks complete
188 of 200 blocks complete
189 of 200 blocks complete
190 of 200 blocks complete
191 of 200 blocks complete
192 of 200 blocks complete
193 of 200 blocks complete
194 of 200 blocks complete
195 of 200 blocks complete
196 of 200 blocks complete
197 of 200 blocks complete
198 of 200 blocks complete
199 of 200 blocks complete
getting ELCC!
Target lolh: 2.288
2.301
[23, 0, 1, 22, 23, 0, 1, 2, 22, 23, 0, 1, 2, 0]
[0.001, 0.014, 0.036, 0.002, 0.112, 0.431, 0.491, 0.053, 0.002, 0.132, 0.519, 0.465, 0.042, 0.001]
2.282
[23, 0, 1, 22, 23, 0, 1, 2, 22, 23, 0, 1, 2]
[0.001, 0.014, 0.035, 0.002, 0.112, 0.429, 0.487, 0.053, 0.002, 0.131, 0.513, 0.462, 0.041]
2.282
[7, 7, 7, 7, 7, 7, 7, 7, 7, 7, 7, 7, 7]
[16, 17, 18, 15, 16, 17, 18, 19, 15, 16, 17, 18, 19]
[4895, 4896, 4897, 4918, 4919, 4920, 4921, 4922, 4942, 4943, 4944, 4945, 4946]
[0.001, 0.014, 0.035, 0.002, 0.112, 0.429, 0.487, 0.053, 0.002, 0.131, 0.513, 0.462, 0.041]
******!!!!!!!!!!!!***********ELCC: 12
