
Job information
#-------------------------------------------------------------------
SLURM_SUBMIT_HOST    gl-login1.arc-ts.umich.edu
SLURM_JOB_ACCOUNT    mtcraig1
SLURM_JOB_PARTITION  standard
SLURM_JOB_NAME       elcc_calc
SLURM_JOBID          10780986
SLURM_NODELIST       gl3124
SLURM_JOB_NUM_NODES  1
SLURM_NTASKS         5
SLURM_TASKS_PER_NODE 5
SLURM_CPUS_PER_TASK  1
SLURM_NPROCS         5
SLURM_MEM_PER_CPU    8192
SLURM_SUBMIT_DIR     /gpfs/accounts/mtcraig_root/mtcraig1/shared_data/elcc/src

scheduling priority             (-e) 0
pending signals                 (-i) 765665
max memory size         (kbytes, -m) 41943040
open files                      (-n) 131072
pipe size            (512 bytes, -p) 8
POSIX message queues     (bytes, -q) 819200
real-time priority              (-r) 0
max user processes              (-u) 765665

Running on gl3124.arc-ts.umich.edu at Wed Jul 29 17:04:24 EDT 2020

Currently Loaded Modules:
  1) launcher/3.7

Your job output begins below the line
#-------------------------------------------------------------------
WARNING (07/29/20 17:04:24): LAUNCHER_WORKDIR variable not set. Using current directory.
windowsP is false
NOTE (07/29/20 17:04:25): Started dynamic task service on port 9471
Launcher: Setup complete.

------------- SUMMARY ---------------
   Number of hosts:    1
   Working directory:  /scratch/mtcraig_root/mtcraig1/shared_data/elcc/src
   Processes per host: 5
   Total processes:    5
   Total jobs:         5
   Scheduling method:  dynamic

-------------------------------------
Launcher: Starting parallel tasks...
using /tmp/launcher.10780986.hostlist.6JbfbpK5 to get hosts
starting job on gl3124
Launcher: Task 4 running job 1 on gl3124.arc-ts.umich.edu (python -u elcc_master.py  root_directory /scratch/mtcraig_root/mtcraig1/shared_data/elccJobs/SampleSizeValidation/ year 2016 nameplate 1000 system_setting none iterations 10000 region Basin count 0)
Launcher: Task 1 running job 2 on gl3124.arc-ts.umich.edu (python -u elcc_master.py  root_directory /scratch/mtcraig_root/mtcraig1/shared_data/elccJobs/SampleSizeValidation/ year 2016 nameplate 1000 system_setting none iterations 10000 region Basin count 1)
Launcher: Task 3 running job 3 on gl3124.arc-ts.umich.edu (python -u elcc_master.py  root_directory /scratch/mtcraig_root/mtcraig1/shared_data/elccJobs/SampleSizeValidation/ year 2016 nameplate 1000 system_setting none iterations 10000 region Basin count 2)
Launcher: Task 0 running job 4 on gl3124.arc-ts.umich.edu (python -u elcc_master.py  root_directory /scratch/mtcraig_root/mtcraig1/shared_data/elccJobs/SampleSizeValidation/ year 2016 nameplate 1000 system_setting none iterations 10000 region Basin count 3)
Launcher: Task 2 running job 5 on gl3124.arc-ts.umich.edu (python -u elcc_master.py  root_directory /scratch/mtcraig_root/mtcraig1/shared_data/elccJobs/SampleSizeValidation/ year 2016 nameplate 1000 system_setting none iterations 10000 region Basin count 4)
Launcher: Job 1 completed in 4332 seconds.
Launcher: Task 4 done. Exiting.
Launcher: Job 4 completed in 4323 seconds.
Launcher: Task 0 done. Exiting.
Launcher: Job 3 completed in 4328 seconds.
Launcher: Task 3 done. Exiting.
Launcher: Job 2 completed in 4331 seconds.
Launcher: Task 1 done. Exiting.
Launcher: Job 5 completed in 4326 seconds.
Launcher: Task 2 done. Exiting.
Launcher: Done. Job exited without errors
