
Job information
#-------------------------------------------------------------------
SLURM_SUBMIT_HOST    gl-login1.arc-ts.umich.edu
SLURM_JOB_ACCOUNT    mtcraig1
SLURM_JOB_PARTITION  standard
SLURM_JOB_NAME       elcc_calc
SLURM_JOBID          10780938
SLURM_NODELIST       gl3066
SLURM_JOB_NUM_NODES  1
SLURM_NTASKS         5
SLURM_TASKS_PER_NODE 5
SLURM_CPUS_PER_TASK  1
SLURM_NPROCS         5
SLURM_MEM_PER_CPU    8192
SLURM_SUBMIT_DIR     /gpfs/accounts/mtcraig_root/mtcraig1/shared_data/elcc/src

scheduling priority             (-e) 0
pending signals                 (-i) 765665
max memory size         (kbytes, -m) 41943040
open files                      (-n) 131072
pipe size            (512 bytes, -p) 8
POSIX message queues     (bytes, -q) 819200
real-time priority              (-r) 0
max user processes              (-u) 765665

Running on gl3066.arc-ts.umich.edu at Wed Jul 29 17:03:15 EDT 2020

Currently Loaded Modules:
  1) launcher/3.7

Your job output begins below the line
#-------------------------------------------------------------------
WARNING (07/29/20 17:03:15): LAUNCHER_WORKDIR variable not set. Using current directory.
windowsP is false
WARNING (07/29/20 17:03:16): Unable to start dynamic task service on 9471. Retrying...
windowsP is false
WARNING (07/29/20 17:03:23): Unable to start dynamic task service on 9472. Retrying...
windowsP is false
NOTE (07/29/20 17:03:30): Started dynamic task service on port 9473
Launcher: Setup complete.

------------- SUMMARY ---------------
   Number of hosts:    1
   Working directory:  /scratch/mtcraig_root/mtcraig1/shared_data/elcc/src
   Processes per host: 5
   Total processes:    5
   Total jobs:         5
   Scheduling method:  dynamic

-------------------------------------
Launcher: Starting parallel tasks...
using /tmp/launcher.10780938.hostlist.2S3ZFH6h to get hosts
starting job on gl3066
Launcher: Task 1 running job 1 on gl3066.arc-ts.umich.edu (python -u elcc_master.py  root_directory /scratch/mtcraig_root/mtcraig1/shared_data/elccJobs/SampleSizeValidation/ year 2016 nameplate 1000 system_setting none iterations 5000 region California count 0)
Launcher: Task 2 running job 2 on gl3066.arc-ts.umich.edu (python -u elcc_master.py  root_directory /scratch/mtcraig_root/mtcraig1/shared_data/elccJobs/SampleSizeValidation/ year 2016 nameplate 1000 system_setting none iterations 5000 region California count 1)
Launcher: Task 0 running job 3 on gl3066.arc-ts.umich.edu (python -u elcc_master.py  root_directory /scratch/mtcraig_root/mtcraig1/shared_data/elccJobs/SampleSizeValidation/ year 2016 nameplate 1000 system_setting none iterations 5000 region California count 2)
Launcher: Task 4 running job 4 on gl3066.arc-ts.umich.edu (python -u elcc_master.py  root_directory /scratch/mtcraig_root/mtcraig1/shared_data/elccJobs/SampleSizeValidation/ year 2016 nameplate 1000 system_setting none iterations 5000 region California count 3)
Launcher: Task 3 running job 5 on gl3066.arc-ts.umich.edu (python -u elcc_master.py  root_directory /scratch/mtcraig_root/mtcraig1/shared_data/elccJobs/SampleSizeValidation/ year 2016 nameplate 1000 system_setting none iterations 5000 region California count 4)
Launcher: Job 1 completed in 9725 seconds.
Launcher: Task 1 done. Exiting.
Launcher: Job 5 completed in 9744 seconds.
Launcher: Task 3 done. Exiting.
Launcher: Job 3 completed in 9760 seconds.
Launcher: Task 0 done. Exiting.
Launcher: Job 4 completed in 17383 seconds.
Launcher: Task 4 done. Exiting.
Launcher: Job 2 completed in 17693 seconds.
Launcher: Task 2 done. Exiting.
Launcher: Done. Job exited without errors
